[INFO] [2019-03-01 10:25:34][org.springframework.web.servlet.DispatcherServlet]FrameworkServlet 'SpringMVC': initialization started
[INFO] [2019-03-01 10:25:34][org.springframework.web.context.support.XmlWebApplicationContext]Refreshing WebApplicationContext for namespace 'SpringMVC-servlet': startup date [Fri Mar 01 10:25:34 CST 2019]; parent: Root WebApplicationContext
[INFO] [2019-03-01 10:25:34][org.springframework.beans.factory.xml.XmlBeanDefinitionReader]Loading XML bean definitions from class path resource [spring/spring-mvc.xml]
[INFO] [2019-03-01 10:25:34][org.springframework.web.servlet.handler.SimpleUrlHandlerMapping]Mapped URL path [/statics/**] onto handler 'org.springframework.web.servlet.resource.ResourceHttpRequestHandler#0'
[INFO] [2019-03-01 10:25:34][org.springframework.web.servlet.mvc.method.annotation.RequestMappingHandlerMapping]Mapped "{[/article/addComment],methods=[],params=[],headers=[],consumes=[],produces=[],custom=[]}" onto public java.lang.String cn.cj.controller.article.ArticleController.addComment(java.lang.String,java.lang.Long,javax.servlet.http.HttpSession)
[INFO] [2019-03-01 10:25:34][org.springframework.web.servlet.mvc.method.annotation.RequestMappingHandlerMapping]Mapped "{[/article/articleInfo],methods=[],params=[],headers=[],consumes=[],produces=[],custom=[]}" onto public java.lang.String cn.cj.controller.article.ArticleController.articleInfos(java.lang.String,javax.servlet.http.HttpServletRequest,javax.servlet.http.HttpSession)
[INFO] [2019-03-01 10:25:34][org.springframework.web.servlet.mvc.method.annotation.RequestMappingHandlerMapping]Mapped "{[/article/loadCommentAndOthers],methods=[],params=[],headers=[],consumes=[],produces=[],custom=[]}" onto public java.lang.String cn.cj.controller.article.ArticleController.loadCommentAndOthers(java.lang.Long,int,int,javax.servlet.http.HttpSession)
[INFO] [2019-03-01 10:25:34][org.springframework.web.servlet.mvc.method.annotation.RequestMappingHandlerMapping]Mapped "{[/article/doPraiseAboutComment],methods=[],params=[],headers=[],consumes=[],produces=[],custom=[]}" onto public java.lang.String cn.cj.controller.article.ArticleController.doPraiseAboutComment(java.lang.Long,java.lang.Long,javax.servlet.http.HttpSession)
[INFO] [2019-03-01 10:25:34][org.springframework.web.servlet.mvc.method.annotation.RequestMappingHandlerMapping]Mapped "{[/article/doPraiseAboutArticle],methods=[],params=[],headers=[],consumes=[],produces=[],custom=[]}" onto public java.lang.String cn.cj.controller.article.ArticleController.doPraiseAboutArticle(java.lang.Long,java.lang.Long,javax.servlet.http.HttpSession)
[INFO] [2019-03-01 10:25:34][org.springframework.web.servlet.mvc.method.annotation.RequestMappingHandlerMapping]Mapped "{[/back/index],methods=[],params=[],headers=[],consumes=[],produces=[],custom=[]}" onto public java.lang.String cn.cj.controller.back.BackController.index()
[INFO] [2019-03-01 10:25:34][org.springframework.web.servlet.mvc.method.annotation.RequestMappingHandlerMapping]Mapped "{[/back/articleList],methods=[],params=[],headers=[],consumes=[],produces=[],custom=[]}" onto public java.lang.String cn.cj.controller.back.BackController.articleList()
[INFO] [2019-03-01 10:25:34][org.springframework.web.servlet.mvc.method.annotation.RequestMappingHandlerMapping]Mapped "{[/back/repairInfo],methods=[],params=[],headers=[],consumes=[],produces=[],custom=[]}" onto public java.lang.String cn.cj.controller.back.BackController.repairInfo()
[INFO] [2019-03-01 10:25:34][org.springframework.web.servlet.mvc.method.annotation.RequestMappingHandlerMapping]Mapped "{[/back/addArticle],methods=[],params=[],headers=[],consumes=[],produces=[],custom=[]}" onto public java.lang.String cn.cj.controller.back.BackController.addArticle(javax.servlet.http.HttpServletRequest)
[INFO] [2019-03-01 10:25:34][org.springframework.web.servlet.mvc.method.annotation.RequestMappingHandlerMapping]Mapped "{[/back/addArticle],methods=[POST],params=[],headers=[],consumes=[],produces=[],custom=[]}" onto public java.lang.String cn.cj.controller.back.BackController.addArticle(org.springframework.web.multipart.MultipartFile,javax.servlet.http.HttpServletRequest,java.lang.String,java.lang.String,java.lang.String[],java.lang.String)
[INFO] [2019-03-01 10:25:34][org.springframework.web.servlet.mvc.method.annotation.RequestMappingHandlerMapping]Mapped "{[/back/deleteArticle],methods=[],params=[],headers=[],consumes=[],produces=[],custom=[]}" onto public java.lang.String cn.cj.controller.back.BackController.deleteArticle(java.lang.Integer)
[INFO] [2019-03-01 10:25:34][org.springframework.web.servlet.mvc.method.annotation.RequestMappingHandlerMapping]Mapped "{[/back/pasteArticleImg],methods=[],params=[],headers=[],consumes=[],produces=[],custom=[]}" onto public java.lang.String cn.cj.controller.back.BackController.pasteArticleImg(java.lang.String,javax.servlet.http.HttpServletRequest,org.springframework.web.multipart.MultipartFile)
[INFO] [2019-03-01 10:25:34][org.springframework.web.servlet.mvc.method.annotation.RequestMappingHandlerMapping]Mapped "{[/back/queryArticleList],methods=[],params=[],headers=[],consumes=[],produces=[],custom=[]}" onto public java.lang.Object cn.cj.controller.back.BackController.queryArticleList(java.lang.Integer,java.lang.Integer,java.lang.String,java.lang.String,java.lang.String)
[INFO] [2019-03-01 10:25:34][org.springframework.web.servlet.mvc.method.annotation.RequestMappingHandlerMapping]Mapped "{[/back/putawayArticle],methods=[],params=[],headers=[],consumes=[],produces=[],custom=[]}" onto public java.lang.String cn.cj.controller.back.BackController.putawayArticle(java.lang.Integer,java.lang.Integer)
[INFO] [2019-03-01 10:25:34][org.springframework.web.servlet.mvc.method.annotation.RequestMappingHandlerMapping]Mapped "{[/solr/deleteAllIndex],methods=[],params=[],headers=[],consumes=[],produces=[],custom=[]}" onto public java.lang.String cn.cj.controller.solr.SolrController.deleteAllIndex()
[INFO] [2019-03-01 10:25:34][org.springframework.web.servlet.mvc.method.annotation.RequestMappingHandlerMapping]Mapped "{[/solr/showSolr],methods=[],params=[],headers=[],consumes=[],produces=[],custom=[]}" onto public java.lang.String cn.cj.controller.solr.SolrController.showSolr(javax.servlet.http.HttpServletRequest)
[INFO] [2019-03-01 10:25:34][org.springframework.web.servlet.mvc.method.annotation.RequestMappingHandlerMapping]Mapped "{[/solr/addUser],methods=[],params=[],headers=[],consumes=[],produces=[],custom=[]}" onto public java.lang.String cn.cj.controller.solr.SolrController.addUser()
[INFO] [2019-03-01 10:25:34][org.springframework.web.servlet.mvc.method.annotation.RequestMappingHandlerMapping]Mapped "{[/user/index],methods=[],params=[],headers=[],consumes=[],produces=[],custom=[]}" onto public java.lang.String cn.cj.controller.user.UserController.index()
[INFO] [2019-03-01 10:25:34][org.springframework.web.servlet.mvc.method.annotation.RequestMappingHandlerMapping]Mapped "{[/user/error],methods=[],params=[],headers=[],consumes=[],produces=[],custom=[]}" onto public java.lang.String cn.cj.controller.user.UserController.error()
[INFO] [2019-03-01 10:25:34][org.springframework.web.servlet.mvc.method.annotation.RequestMappingHandlerMapping]Mapped "{[/user/doLogin],methods=[],params=[],headers=[],consumes=[],produces=[],custom=[]}" onto public java.lang.Object cn.cj.controller.user.UserController.doLogin(cn.cj.entity.User,java.lang.String,javax.servlet.http.HttpServletRequest)
[INFO] [2019-03-01 10:25:34][org.springframework.web.servlet.mvc.method.annotation.RequestMappingHandlerMapping]Mapped "{[/user/doRegister],methods=[POST],params=[],headers=[],consumes=[],produces=[],custom=[]}" onto public java.lang.Object cn.cj.controller.user.UserController.doRegister(javax.servlet.http.HttpServletRequest,javax.servlet.http.HttpServletResponse,java.lang.String,java.lang.String,java.lang.String,java.lang.String) throws java.io.IOException
[INFO] [2019-03-01 10:25:34][org.springframework.web.servlet.mvc.method.annotation.RequestMappingHandlerMapping]Mapped "{[/user/login],methods=[],params=[],headers=[],consumes=[],produces=[],custom=[]}" onto public java.lang.String cn.cj.controller.user.UserController.login()
[INFO] [2019-03-01 10:25:34][org.springframework.web.servlet.mvc.method.annotation.RequestMappingHandlerMapping]Mapped "{[/user/createverifyCode],methods=[],params=[],headers=[],consumes=[],produces=[],custom=[]}" onto public void cn.cj.controller.user.UserController.verifyCode(javax.servlet.http.HttpServletRequest,javax.servlet.http.HttpServletResponse,javax.servlet.http.HttpSession) throws java.io.IOException
[INFO] [2019-03-01 10:25:35][org.springframework.web.servlet.DispatcherServlet]FrameworkServlet 'SpringMVC': initialization completed in 391 ms
[INFO] [2019-03-01 10:25:42][org.apache.shiro.realm.AuthorizingRealm]try login...
[INFO] [2019-03-01 10:25:44][org.apache.shiro.realm.AuthorizingRealm]进入自定Realm,权限验证方法
[INFO] [2019-03-01 10:32:32][org.springframework.web.servlet.DispatcherServlet]FrameworkServlet 'SpringMVC': initialization started
[INFO] [2019-03-01 10:32:32][org.springframework.web.context.support.XmlWebApplicationContext]Refreshing WebApplicationContext for namespace 'SpringMVC-servlet': startup date [Fri Mar 01 10:32:32 CST 2019]; parent: Root WebApplicationContext
[INFO] [2019-03-01 10:32:32][org.springframework.beans.factory.xml.XmlBeanDefinitionReader]Loading XML bean definitions from class path resource [spring/spring-mvc.xml]
[INFO] [2019-03-01 10:32:32][org.springframework.web.servlet.handler.SimpleUrlHandlerMapping]Mapped URL path [/statics/**] onto handler 'org.springframework.web.servlet.resource.ResourceHttpRequestHandler#0'
[INFO] [2019-03-01 10:32:32][org.springframework.web.servlet.mvc.method.annotation.RequestMappingHandlerMapping]Mapped "{[/article/addComment],methods=[],params=[],headers=[],consumes=[],produces=[],custom=[]}" onto public java.lang.String cn.cj.controller.article.ArticleController.addComment(java.lang.String,java.lang.Long,javax.servlet.http.HttpSession)
[INFO] [2019-03-01 10:32:32][org.springframework.web.servlet.mvc.method.annotation.RequestMappingHandlerMapping]Mapped "{[/article/articleInfo],methods=[],params=[],headers=[],consumes=[],produces=[],custom=[]}" onto public java.lang.String cn.cj.controller.article.ArticleController.articleInfos(java.lang.String,javax.servlet.http.HttpServletRequest,javax.servlet.http.HttpSession)
[INFO] [2019-03-01 10:32:32][org.springframework.web.servlet.mvc.method.annotation.RequestMappingHandlerMapping]Mapped "{[/article/loadCommentAndOthers],methods=[],params=[],headers=[],consumes=[],produces=[],custom=[]}" onto public java.lang.String cn.cj.controller.article.ArticleController.loadCommentAndOthers(java.lang.Long,int,int,javax.servlet.http.HttpSession)
[INFO] [2019-03-01 10:32:32][org.springframework.web.servlet.mvc.method.annotation.RequestMappingHandlerMapping]Mapped "{[/article/doPraiseAboutComment],methods=[],params=[],headers=[],consumes=[],produces=[],custom=[]}" onto public java.lang.String cn.cj.controller.article.ArticleController.doPraiseAboutComment(java.lang.Long,java.lang.Long,javax.servlet.http.HttpSession)
[INFO] [2019-03-01 10:32:32][org.springframework.web.servlet.mvc.method.annotation.RequestMappingHandlerMapping]Mapped "{[/article/doPraiseAboutArticle],methods=[],params=[],headers=[],consumes=[],produces=[],custom=[]}" onto public java.lang.String cn.cj.controller.article.ArticleController.doPraiseAboutArticle(java.lang.Long,java.lang.Long,javax.servlet.http.HttpSession)
[INFO] [2019-03-01 10:32:32][org.springframework.web.servlet.mvc.method.annotation.RequestMappingHandlerMapping]Mapped "{[/back/index],methods=[],params=[],headers=[],consumes=[],produces=[],custom=[]}" onto public java.lang.String cn.cj.controller.back.BackController.index()
[INFO] [2019-03-01 10:32:32][org.springframework.web.servlet.mvc.method.annotation.RequestMappingHandlerMapping]Mapped "{[/back/articleList],methods=[],params=[],headers=[],consumes=[],produces=[],custom=[]}" onto public java.lang.String cn.cj.controller.back.BackController.articleList()
[INFO] [2019-03-01 10:32:32][org.springframework.web.servlet.mvc.method.annotation.RequestMappingHandlerMapping]Mapped "{[/back/repairInfo],methods=[],params=[],headers=[],consumes=[],produces=[],custom=[]}" onto public java.lang.String cn.cj.controller.back.BackController.repairInfo()
[INFO] [2019-03-01 10:32:32][org.springframework.web.servlet.mvc.method.annotation.RequestMappingHandlerMapping]Mapped "{[/back/addArticle],methods=[],params=[],headers=[],consumes=[],produces=[],custom=[]}" onto public java.lang.String cn.cj.controller.back.BackController.addArticle(javax.servlet.http.HttpServletRequest)
[INFO] [2019-03-01 10:32:32][org.springframework.web.servlet.mvc.method.annotation.RequestMappingHandlerMapping]Mapped "{[/back/addArticle],methods=[POST],params=[],headers=[],consumes=[],produces=[],custom=[]}" onto public java.lang.String cn.cj.controller.back.BackController.addArticle(org.springframework.web.multipart.MultipartFile,javax.servlet.http.HttpServletRequest,java.lang.String,java.lang.String,java.lang.String[],java.lang.String)
[INFO] [2019-03-01 10:32:32][org.springframework.web.servlet.mvc.method.annotation.RequestMappingHandlerMapping]Mapped "{[/back/deleteArticle],methods=[],params=[],headers=[],consumes=[],produces=[],custom=[]}" onto public java.lang.String cn.cj.controller.back.BackController.deleteArticle(java.lang.Integer)
[INFO] [2019-03-01 10:32:32][org.springframework.web.servlet.mvc.method.annotation.RequestMappingHandlerMapping]Mapped "{[/back/pasteArticleImg],methods=[],params=[],headers=[],consumes=[],produces=[],custom=[]}" onto public java.lang.String cn.cj.controller.back.BackController.pasteArticleImg(java.lang.String,javax.servlet.http.HttpServletRequest,org.springframework.web.multipart.MultipartFile)
[INFO] [2019-03-01 10:32:32][org.springframework.web.servlet.mvc.method.annotation.RequestMappingHandlerMapping]Mapped "{[/back/queryArticleList],methods=[],params=[],headers=[],consumes=[],produces=[],custom=[]}" onto public java.lang.Object cn.cj.controller.back.BackController.queryArticleList(java.lang.Integer,java.lang.Integer,java.lang.String,java.lang.String,java.lang.String)
[INFO] [2019-03-01 10:32:32][org.springframework.web.servlet.mvc.method.annotation.RequestMappingHandlerMapping]Mapped "{[/back/putawayArticle],methods=[],params=[],headers=[],consumes=[],produces=[],custom=[]}" onto public java.lang.String cn.cj.controller.back.BackController.putawayArticle(java.lang.Integer,java.lang.Integer)
[INFO] [2019-03-01 10:32:32][org.springframework.web.servlet.mvc.method.annotation.RequestMappingHandlerMapping]Mapped "{[/solr/deleteAllIndex],methods=[],params=[],headers=[],consumes=[],produces=[],custom=[]}" onto public java.lang.String cn.cj.controller.solr.SolrController.deleteAllIndex()
[INFO] [2019-03-01 10:32:32][org.springframework.web.servlet.mvc.method.annotation.RequestMappingHandlerMapping]Mapped "{[/solr/showSolr],methods=[],params=[],headers=[],consumes=[],produces=[],custom=[]}" onto public java.lang.String cn.cj.controller.solr.SolrController.showSolr(javax.servlet.http.HttpServletRequest)
[INFO] [2019-03-01 10:32:32][org.springframework.web.servlet.mvc.method.annotation.RequestMappingHandlerMapping]Mapped "{[/solr/addUser],methods=[],params=[],headers=[],consumes=[],produces=[],custom=[]}" onto public java.lang.String cn.cj.controller.solr.SolrController.addUser()
[INFO] [2019-03-01 10:32:32][org.springframework.web.servlet.mvc.method.annotation.RequestMappingHandlerMapping]Mapped "{[/user/index],methods=[],params=[],headers=[],consumes=[],produces=[],custom=[]}" onto public java.lang.String cn.cj.controller.user.UserController.index()
[INFO] [2019-03-01 10:32:32][org.springframework.web.servlet.mvc.method.annotation.RequestMappingHandlerMapping]Mapped "{[/user/error],methods=[],params=[],headers=[],consumes=[],produces=[],custom=[]}" onto public java.lang.String cn.cj.controller.user.UserController.error()
[INFO] [2019-03-01 10:32:32][org.springframework.web.servlet.mvc.method.annotation.RequestMappingHandlerMapping]Mapped "{[/user/doLogin],methods=[],params=[],headers=[],consumes=[],produces=[],custom=[]}" onto public java.lang.Object cn.cj.controller.user.UserController.doLogin(cn.cj.entity.User,java.lang.String,javax.servlet.http.HttpServletRequest)
[INFO] [2019-03-01 10:32:32][org.springframework.web.servlet.mvc.method.annotation.RequestMappingHandlerMapping]Mapped "{[/user/login],methods=[],params=[],headers=[],consumes=[],produces=[],custom=[]}" onto public java.lang.String cn.cj.controller.user.UserController.login()
[INFO] [2019-03-01 10:32:32][org.springframework.web.servlet.mvc.method.annotation.RequestMappingHandlerMapping]Mapped "{[/user/doRegister],methods=[POST],params=[],headers=[],consumes=[],produces=[],custom=[]}" onto public java.lang.Object cn.cj.controller.user.UserController.doRegister(javax.servlet.http.HttpServletRequest,javax.servlet.http.HttpServletResponse,java.lang.String,java.lang.String,java.lang.String,java.lang.String) throws java.io.IOException
[INFO] [2019-03-01 10:32:32][org.springframework.web.servlet.mvc.method.annotation.RequestMappingHandlerMapping]Mapped "{[/user/createverifyCode],methods=[],params=[],headers=[],consumes=[],produces=[],custom=[]}" onto public void cn.cj.controller.user.UserController.verifyCode(javax.servlet.http.HttpServletRequest,javax.servlet.http.HttpServletResponse,javax.servlet.http.HttpSession) throws java.io.IOException
[INFO] [2019-03-01 10:32:32][org.springframework.web.servlet.DispatcherServlet]FrameworkServlet 'SpringMVC': initialization completed in 424 ms
[INFO] [2019-03-01 10:32:36][org.apache.shiro.realm.AuthorizingRealm]try login...
[INFO] [2019-03-01 10:32:38][org.apache.shiro.realm.AuthorizingRealm]进入自定Realm,权限验证方法
