[INFO] [2019-02-14 11:23:41][org.springframework.web.servlet.DispatcherServlet]FrameworkServlet 'SpringMVC': initialization started
[INFO] [2019-02-14 11:23:41][org.springframework.web.context.support.XmlWebApplicationContext]Refreshing WebApplicationContext for namespace 'SpringMVC-servlet': startup date [Thu Feb 14 11:23:41 CST 2019]; parent: Root WebApplicationContext
[INFO] [2019-02-14 11:23:41][org.springframework.beans.factory.xml.XmlBeanDefinitionReader]Loading XML bean definitions from class path resource [spring/spring-mvc.xml]
[INFO] [2019-02-14 11:23:41][org.springframework.web.servlet.handler.SimpleUrlHandlerMapping]Mapped URL path [/statics/**] onto handler 'org.springframework.web.servlet.resource.ResourceHttpRequestHandler#0'
[INFO] [2019-02-14 11:23:41][org.springframework.web.servlet.mvc.method.annotation.RequestMappingHandlerMapping]Mapped "{[/article/loadCommentAndOthers],methods=[],params=[],headers=[],consumes=[],produces=[],custom=[]}" onto public java.lang.String cn.cj.controller.article.ArticleController.loadCommentAndOthers(java.lang.Long)
[INFO] [2019-02-14 11:23:41][org.springframework.web.servlet.mvc.method.annotation.RequestMappingHandlerMapping]Mapped "{[/article/articleInfo],methods=[],params=[],headers=[],consumes=[],produces=[],custom=[]}" onto public java.lang.String cn.cj.controller.article.ArticleController.articleInfos(java.lang.String,javax.servlet.http.HttpServletRequest)
[INFO] [2019-02-14 11:23:41][org.springframework.web.servlet.mvc.method.annotation.RequestMappingHandlerMapping]Mapped "{[/back/index],methods=[],params=[],headers=[],consumes=[],produces=[],custom=[]}" onto public java.lang.String cn.cj.controller.back.BackController.index()
[INFO] [2019-02-14 11:23:41][org.springframework.web.servlet.mvc.method.annotation.RequestMappingHandlerMapping]Mapped "{[/back/pasteArticleImg],methods=[],params=[],headers=[],consumes=[],produces=[],custom=[]}" onto public java.lang.String cn.cj.controller.back.BackController.pasteArticleImg(java.lang.String,javax.servlet.http.HttpServletRequest,org.springframework.web.multipart.MultipartFile)
[INFO] [2019-02-14 11:23:41][org.springframework.web.servlet.mvc.method.annotation.RequestMappingHandlerMapping]Mapped "{[/back/queryArticleList],methods=[],params=[],headers=[],consumes=[],produces=[],custom=[]}" onto public java.lang.Object cn.cj.controller.back.BackController.queryArticleList(java.lang.Integer,java.lang.Integer,java.lang.String,java.lang.String,java.lang.String)
[INFO] [2019-02-14 11:23:41][org.springframework.web.servlet.mvc.method.annotation.RequestMappingHandlerMapping]Mapped "{[/back/putawayArticle],methods=[],params=[],headers=[],consumes=[],produces=[],custom=[]}" onto public java.lang.String cn.cj.controller.back.BackController.putawayArticle(java.lang.Integer,java.lang.Integer)
[INFO] [2019-02-14 11:23:41][org.springframework.web.servlet.mvc.method.annotation.RequestMappingHandlerMapping]Mapped "{[/back/addArticle],methods=[],params=[],headers=[],consumes=[],produces=[],custom=[]}" onto public java.lang.String cn.cj.controller.back.BackController.addArticle(javax.servlet.http.HttpServletRequest)
[INFO] [2019-02-14 11:23:41][org.springframework.web.servlet.mvc.method.annotation.RequestMappingHandlerMapping]Mapped "{[/back/addArticle],methods=[POST],params=[],headers=[],consumes=[],produces=[],custom=[]}" onto public java.lang.String cn.cj.controller.back.BackController.addArticle(org.springframework.web.multipart.MultipartFile,javax.servlet.http.HttpServletRequest,java.lang.String,java.lang.String,java.lang.String[],java.lang.String)
[INFO] [2019-02-14 11:23:41][org.springframework.web.servlet.mvc.method.annotation.RequestMappingHandlerMapping]Mapped "{[/back/articleList],methods=[],params=[],headers=[],consumes=[],produces=[],custom=[]}" onto public java.lang.String cn.cj.controller.back.BackController.articleList()
[INFO] [2019-02-14 11:23:41][org.springframework.web.servlet.mvc.method.annotation.RequestMappingHandlerMapping]Mapped "{[/back/deleteArticle],methods=[],params=[],headers=[],consumes=[],produces=[],custom=[]}" onto public java.lang.String cn.cj.controller.back.BackController.deleteArticle(java.lang.Integer)
[INFO] [2019-02-14 11:23:41][org.springframework.web.servlet.mvc.method.annotation.RequestMappingHandlerMapping]Mapped "{[/solr/deleteAllIndex],methods=[],params=[],headers=[],consumes=[],produces=[],custom=[]}" onto public java.lang.String cn.cj.controller.solr.SolrController.deleteAllIndex()
[INFO] [2019-02-14 11:23:41][org.springframework.web.servlet.mvc.method.annotation.RequestMappingHandlerMapping]Mapped "{[/solr/showSolr],methods=[],params=[],headers=[],consumes=[],produces=[],custom=[]}" onto public java.lang.String cn.cj.controller.solr.SolrController.showSolr(javax.servlet.http.HttpServletRequest)
[INFO] [2019-02-14 11:23:41][org.springframework.web.servlet.mvc.method.annotation.RequestMappingHandlerMapping]Mapped "{[/solr/addUser],methods=[],params=[],headers=[],consumes=[],produces=[],custom=[]}" onto public java.lang.String cn.cj.controller.solr.SolrController.addUser()
[INFO] [2019-02-14 11:23:41][org.springframework.web.servlet.mvc.method.annotation.RequestMappingHandlerMapping]Mapped "{[/user/index],methods=[],params=[],headers=[],consumes=[],produces=[],custom=[]}" onto public java.lang.String cn.cj.controller.user.UserController.index()
[INFO] [2019-02-14 11:23:41][org.springframework.web.servlet.mvc.method.annotation.RequestMappingHandlerMapping]Mapped "{[/user/error],methods=[],params=[],headers=[],consumes=[],produces=[],custom=[]}" onto public java.lang.String cn.cj.controller.user.UserController.error()
[INFO] [2019-02-14 11:23:41][org.springframework.web.servlet.mvc.method.annotation.RequestMappingHandlerMapping]Mapped "{[/user/doRegister],methods=[POST],params=[],headers=[],consumes=[],produces=[],custom=[]}" onto public java.lang.Object cn.cj.controller.user.UserController.doRegister(javax.servlet.http.HttpServletRequest,javax.servlet.http.HttpServletResponse,java.lang.String,java.lang.String,java.lang.String,java.lang.String) throws java.io.IOException
[INFO] [2019-02-14 11:23:41][org.springframework.web.servlet.mvc.method.annotation.RequestMappingHandlerMapping]Mapped "{[/user/login],methods=[],params=[],headers=[],consumes=[],produces=[],custom=[]}" onto public java.lang.String cn.cj.controller.user.UserController.login()
[INFO] [2019-02-14 11:23:41][org.springframework.web.servlet.mvc.method.annotation.RequestMappingHandlerMapping]Mapped "{[/user/doLogin],methods=[],params=[],headers=[],consumes=[],produces=[],custom=[]}" onto public java.lang.Object cn.cj.controller.user.UserController.doLogin(cn.cj.entity.User,java.lang.String,javax.servlet.http.HttpServletRequest)
[INFO] [2019-02-14 11:23:41][org.springframework.web.servlet.mvc.method.annotation.RequestMappingHandlerMapping]Mapped "{[/user/createverifyCode],methods=[],params=[],headers=[],consumes=[],produces=[],custom=[]}" onto public void cn.cj.controller.user.UserController.verifyCode(javax.servlet.http.HttpServletRequest,javax.servlet.http.HttpServletResponse,javax.servlet.http.HttpSession) throws java.io.IOException
[INFO] [2019-02-14 11:23:41][org.springframework.web.servlet.DispatcherServlet]FrameworkServlet 'SpringMVC': initialization completed in 429 ms
[INFO] [2019-02-14 11:23:53][org.apache.shiro.realm.AuthorizingRealm]try login...
[INFO] [2019-02-14 11:23:54][org.apache.shiro.realm.AuthorizingRealm]进入自定Realm,权限验证方法
[INFO] [2019-02-14 11:24:28][org.springframework.web.servlet.DispatcherServlet]FrameworkServlet 'SpringMVC': initialization started
[INFO] [2019-02-14 11:24:28][org.springframework.web.context.support.XmlWebApplicationContext]Refreshing WebApplicationContext for namespace 'SpringMVC-servlet': startup date [Thu Feb 14 11:24:28 CST 2019]; parent: Root WebApplicationContext
[INFO] [2019-02-14 11:24:28][org.springframework.beans.factory.xml.XmlBeanDefinitionReader]Loading XML bean definitions from class path resource [spring/spring-mvc.xml]
[INFO] [2019-02-14 11:24:29][org.springframework.web.servlet.handler.SimpleUrlHandlerMapping]Mapped URL path [/statics/**] onto handler 'org.springframework.web.servlet.resource.ResourceHttpRequestHandler#0'
[INFO] [2019-02-14 11:24:29][org.springframework.web.servlet.mvc.method.annotation.RequestMappingHandlerMapping]Mapped "{[/article/loadCommentAndOthers],methods=[],params=[],headers=[],consumes=[],produces=[],custom=[]}" onto public java.lang.String cn.cj.controller.article.ArticleController.loadCommentAndOthers(java.lang.Long)
[INFO] [2019-02-14 11:24:29][org.springframework.web.servlet.mvc.method.annotation.RequestMappingHandlerMapping]Mapped "{[/article/articleInfo],methods=[],params=[],headers=[],consumes=[],produces=[],custom=[]}" onto public java.lang.String cn.cj.controller.article.ArticleController.articleInfos(java.lang.String,javax.servlet.http.HttpServletRequest)
[INFO] [2019-02-14 11:24:29][org.springframework.web.servlet.mvc.method.annotation.RequestMappingHandlerMapping]Mapped "{[/back/index],methods=[],params=[],headers=[],consumes=[],produces=[],custom=[]}" onto public java.lang.String cn.cj.controller.back.BackController.index()
[INFO] [2019-02-14 11:24:29][org.springframework.web.servlet.mvc.method.annotation.RequestMappingHandlerMapping]Mapped "{[/back/pasteArticleImg],methods=[],params=[],headers=[],consumes=[],produces=[],custom=[]}" onto public java.lang.String cn.cj.controller.back.BackController.pasteArticleImg(java.lang.String,javax.servlet.http.HttpServletRequest,org.springframework.web.multipart.MultipartFile)
[INFO] [2019-02-14 11:24:29][org.springframework.web.servlet.mvc.method.annotation.RequestMappingHandlerMapping]Mapped "{[/back/queryArticleList],methods=[],params=[],headers=[],consumes=[],produces=[],custom=[]}" onto public java.lang.Object cn.cj.controller.back.BackController.queryArticleList(java.lang.Integer,java.lang.Integer,java.lang.String,java.lang.String,java.lang.String)
[INFO] [2019-02-14 11:24:29][org.springframework.web.servlet.mvc.method.annotation.RequestMappingHandlerMapping]Mapped "{[/back/putawayArticle],methods=[],params=[],headers=[],consumes=[],produces=[],custom=[]}" onto public java.lang.String cn.cj.controller.back.BackController.putawayArticle(java.lang.Integer,java.lang.Integer)
[INFO] [2019-02-14 11:24:29][org.springframework.web.servlet.mvc.method.annotation.RequestMappingHandlerMapping]Mapped "{[/back/addArticle],methods=[],params=[],headers=[],consumes=[],produces=[],custom=[]}" onto public java.lang.String cn.cj.controller.back.BackController.addArticle(javax.servlet.http.HttpServletRequest)
[INFO] [2019-02-14 11:24:29][org.springframework.web.servlet.mvc.method.annotation.RequestMappingHandlerMapping]Mapped "{[/back/addArticle],methods=[POST],params=[],headers=[],consumes=[],produces=[],custom=[]}" onto public java.lang.String cn.cj.controller.back.BackController.addArticle(org.springframework.web.multipart.MultipartFile,javax.servlet.http.HttpServletRequest,java.lang.String,java.lang.String,java.lang.String[],java.lang.String)
[INFO] [2019-02-14 11:24:29][org.springframework.web.servlet.mvc.method.annotation.RequestMappingHandlerMapping]Mapped "{[/back/articleList],methods=[],params=[],headers=[],consumes=[],produces=[],custom=[]}" onto public java.lang.String cn.cj.controller.back.BackController.articleList()
[INFO] [2019-02-14 11:24:29][org.springframework.web.servlet.mvc.method.annotation.RequestMappingHandlerMapping]Mapped "{[/back/deleteArticle],methods=[],params=[],headers=[],consumes=[],produces=[],custom=[]}" onto public java.lang.String cn.cj.controller.back.BackController.deleteArticle(java.lang.Integer)
[INFO] [2019-02-14 11:24:29][org.springframework.web.servlet.mvc.method.annotation.RequestMappingHandlerMapping]Mapped "{[/solr/deleteAllIndex],methods=[],params=[],headers=[],consumes=[],produces=[],custom=[]}" onto public java.lang.String cn.cj.controller.solr.SolrController.deleteAllIndex()
[INFO] [2019-02-14 11:24:29][org.springframework.web.servlet.mvc.method.annotation.RequestMappingHandlerMapping]Mapped "{[/solr/showSolr],methods=[],params=[],headers=[],consumes=[],produces=[],custom=[]}" onto public java.lang.String cn.cj.controller.solr.SolrController.showSolr(javax.servlet.http.HttpServletRequest)
[INFO] [2019-02-14 11:24:29][org.springframework.web.servlet.mvc.method.annotation.RequestMappingHandlerMapping]Mapped "{[/solr/addUser],methods=[],params=[],headers=[],consumes=[],produces=[],custom=[]}" onto public java.lang.String cn.cj.controller.solr.SolrController.addUser()
[INFO] [2019-02-14 11:24:29][org.springframework.web.servlet.mvc.method.annotation.RequestMappingHandlerMapping]Mapped "{[/user/index],methods=[],params=[],headers=[],consumes=[],produces=[],custom=[]}" onto public java.lang.String cn.cj.controller.user.UserController.index()
[INFO] [2019-02-14 11:24:29][org.springframework.web.servlet.mvc.method.annotation.RequestMappingHandlerMapping]Mapped "{[/user/error],methods=[],params=[],headers=[],consumes=[],produces=[],custom=[]}" onto public java.lang.String cn.cj.controller.user.UserController.error()
[INFO] [2019-02-14 11:24:29][org.springframework.web.servlet.mvc.method.annotation.RequestMappingHandlerMapping]Mapped "{[/user/doRegister],methods=[POST],params=[],headers=[],consumes=[],produces=[],custom=[]}" onto public java.lang.Object cn.cj.controller.user.UserController.doRegister(javax.servlet.http.HttpServletRequest,javax.servlet.http.HttpServletResponse,java.lang.String,java.lang.String,java.lang.String,java.lang.String) throws java.io.IOException
[INFO] [2019-02-14 11:24:29][org.springframework.web.servlet.mvc.method.annotation.RequestMappingHandlerMapping]Mapped "{[/user/login],methods=[],params=[],headers=[],consumes=[],produces=[],custom=[]}" onto public java.lang.String cn.cj.controller.user.UserController.login()
[INFO] [2019-02-14 11:24:29][org.springframework.web.servlet.mvc.method.annotation.RequestMappingHandlerMapping]Mapped "{[/user/doLogin],methods=[],params=[],headers=[],consumes=[],produces=[],custom=[]}" onto public java.lang.Object cn.cj.controller.user.UserController.doLogin(cn.cj.entity.User,java.lang.String,javax.servlet.http.HttpServletRequest)
[INFO] [2019-02-14 11:24:29][org.springframework.web.servlet.mvc.method.annotation.RequestMappingHandlerMapping]Mapped "{[/user/createverifyCode],methods=[],params=[],headers=[],consumes=[],produces=[],custom=[]}" onto public void cn.cj.controller.user.UserController.verifyCode(javax.servlet.http.HttpServletRequest,javax.servlet.http.HttpServletResponse,javax.servlet.http.HttpSession) throws java.io.IOException
[INFO] [2019-02-14 11:24:29][org.springframework.web.servlet.DispatcherServlet]FrameworkServlet 'SpringMVC': initialization completed in 435 ms
[INFO] [2019-02-14 11:24:36][org.apache.shiro.realm.AuthorizingRealm]try login...
[INFO] [2019-02-14 11:24:37][org.apache.shiro.realm.AuthorizingRealm]进入自定Realm,权限验证方法
[INFO] [2019-02-14 11:25:25][org.springframework.web.servlet.DispatcherServlet]FrameworkServlet 'SpringMVC': initialization started
[INFO] [2019-02-14 11:25:25][org.springframework.web.context.support.XmlWebApplicationContext]Refreshing WebApplicationContext for namespace 'SpringMVC-servlet': startup date [Thu Feb 14 11:25:25 CST 2019]; parent: Root WebApplicationContext
[INFO] [2019-02-14 11:25:25][org.springframework.beans.factory.xml.XmlBeanDefinitionReader]Loading XML bean definitions from class path resource [spring/spring-mvc.xml]
[INFO] [2019-02-14 11:25:25][org.springframework.web.servlet.handler.SimpleUrlHandlerMapping]Mapped URL path [/statics/**] onto handler 'org.springframework.web.servlet.resource.ResourceHttpRequestHandler#0'
[INFO] [2019-02-14 11:25:25][org.springframework.web.servlet.mvc.method.annotation.RequestMappingHandlerMapping]Mapped "{[/article/articleInfo],methods=[],params=[],headers=[],consumes=[],produces=[],custom=[]}" onto public java.lang.String cn.cj.controller.article.ArticleController.articleInfos(java.lang.String,javax.servlet.http.HttpServletRequest)
[INFO] [2019-02-14 11:25:25][org.springframework.web.servlet.mvc.method.annotation.RequestMappingHandlerMapping]Mapped "{[/article/loadCommentAndOthers],methods=[],params=[],headers=[],consumes=[],produces=[],custom=[]}" onto public java.lang.String cn.cj.controller.article.ArticleController.loadCommentAndOthers(java.lang.Long)
[INFO] [2019-02-14 11:25:25][org.springframework.web.servlet.mvc.method.annotation.RequestMappingHandlerMapping]Mapped "{[/back/index],methods=[],params=[],headers=[],consumes=[],produces=[],custom=[]}" onto public java.lang.String cn.cj.controller.back.BackController.index()
[INFO] [2019-02-14 11:25:25][org.springframework.web.servlet.mvc.method.annotation.RequestMappingHandlerMapping]Mapped "{[/back/addArticle],methods=[POST],params=[],headers=[],consumes=[],produces=[],custom=[]}" onto public java.lang.String cn.cj.controller.back.BackController.addArticle(org.springframework.web.multipart.MultipartFile,javax.servlet.http.HttpServletRequest,java.lang.String,java.lang.String,java.lang.String[],java.lang.String)
[INFO] [2019-02-14 11:25:25][org.springframework.web.servlet.mvc.method.annotation.RequestMappingHandlerMapping]Mapped "{[/back/addArticle],methods=[],params=[],headers=[],consumes=[],produces=[],custom=[]}" onto public java.lang.String cn.cj.controller.back.BackController.addArticle(javax.servlet.http.HttpServletRequest)
[INFO] [2019-02-14 11:25:25][org.springframework.web.servlet.mvc.method.annotation.RequestMappingHandlerMapping]Mapped "{[/back/articleList],methods=[],params=[],headers=[],consumes=[],produces=[],custom=[]}" onto public java.lang.String cn.cj.controller.back.BackController.articleList()
[INFO] [2019-02-14 11:25:25][org.springframework.web.servlet.mvc.method.annotation.RequestMappingHandlerMapping]Mapped "{[/back/deleteArticle],methods=[],params=[],headers=[],consumes=[],produces=[],custom=[]}" onto public java.lang.String cn.cj.controller.back.BackController.deleteArticle(java.lang.Integer)
[INFO] [2019-02-14 11:25:25][org.springframework.web.servlet.mvc.method.annotation.RequestMappingHandlerMapping]Mapped "{[/back/pasteArticleImg],methods=[],params=[],headers=[],consumes=[],produces=[],custom=[]}" onto public java.lang.String cn.cj.controller.back.BackController.pasteArticleImg(java.lang.String,javax.servlet.http.HttpServletRequest,org.springframework.web.multipart.MultipartFile)
[INFO] [2019-02-14 11:25:25][org.springframework.web.servlet.mvc.method.annotation.RequestMappingHandlerMapping]Mapped "{[/back/queryArticleList],methods=[],params=[],headers=[],consumes=[],produces=[],custom=[]}" onto public java.lang.Object cn.cj.controller.back.BackController.queryArticleList(java.lang.Integer,java.lang.Integer,java.lang.String,java.lang.String,java.lang.String)
[INFO] [2019-02-14 11:25:25][org.springframework.web.servlet.mvc.method.annotation.RequestMappingHandlerMapping]Mapped "{[/back/putawayArticle],methods=[],params=[],headers=[],consumes=[],produces=[],custom=[]}" onto public java.lang.String cn.cj.controller.back.BackController.putawayArticle(java.lang.Integer,java.lang.Integer)
[INFO] [2019-02-14 11:25:25][org.springframework.web.servlet.mvc.method.annotation.RequestMappingHandlerMapping]Mapped "{[/solr/deleteAllIndex],methods=[],params=[],headers=[],consumes=[],produces=[],custom=[]}" onto public java.lang.String cn.cj.controller.solr.SolrController.deleteAllIndex()
[INFO] [2019-02-14 11:25:25][org.springframework.web.servlet.mvc.method.annotation.RequestMappingHandlerMapping]Mapped "{[/solr/showSolr],methods=[],params=[],headers=[],consumes=[],produces=[],custom=[]}" onto public java.lang.String cn.cj.controller.solr.SolrController.showSolr(javax.servlet.http.HttpServletRequest)
[INFO] [2019-02-14 11:25:25][org.springframework.web.servlet.mvc.method.annotation.RequestMappingHandlerMapping]Mapped "{[/solr/addUser],methods=[],params=[],headers=[],consumes=[],produces=[],custom=[]}" onto public java.lang.String cn.cj.controller.solr.SolrController.addUser()
[INFO] [2019-02-14 11:25:25][org.springframework.web.servlet.mvc.method.annotation.RequestMappingHandlerMapping]Mapped "{[/user/error],methods=[],params=[],headers=[],consumes=[],produces=[],custom=[]}" onto public java.lang.String cn.cj.controller.user.UserController.error()
[INFO] [2019-02-14 11:25:25][org.springframework.web.servlet.mvc.method.annotation.RequestMappingHandlerMapping]Mapped "{[/user/index],methods=[],params=[],headers=[],consumes=[],produces=[],custom=[]}" onto public java.lang.String cn.cj.controller.user.UserController.index()
[INFO] [2019-02-14 11:25:25][org.springframework.web.servlet.mvc.method.annotation.RequestMappingHandlerMapping]Mapped "{[/user/doRegister],methods=[POST],params=[],headers=[],consumes=[],produces=[],custom=[]}" onto public java.lang.Object cn.cj.controller.user.UserController.doRegister(javax.servlet.http.HttpServletRequest,javax.servlet.http.HttpServletResponse,java.lang.String,java.lang.String,java.lang.String,java.lang.String) throws java.io.IOException
[INFO] [2019-02-14 11:25:25][org.springframework.web.servlet.mvc.method.annotation.RequestMappingHandlerMapping]Mapped "{[/user/login],methods=[],params=[],headers=[],consumes=[],produces=[],custom=[]}" onto public java.lang.String cn.cj.controller.user.UserController.login()
[INFO] [2019-02-14 11:25:25][org.springframework.web.servlet.mvc.method.annotation.RequestMappingHandlerMapping]Mapped "{[/user/doLogin],methods=[],params=[],headers=[],consumes=[],produces=[],custom=[]}" onto public java.lang.Object cn.cj.controller.user.UserController.doLogin(cn.cj.entity.User,java.lang.String,javax.servlet.http.HttpServletRequest)
[INFO] [2019-02-14 11:25:25][org.springframework.web.servlet.mvc.method.annotation.RequestMappingHandlerMapping]Mapped "{[/user/createverifyCode],methods=[],params=[],headers=[],consumes=[],produces=[],custom=[]}" onto public void cn.cj.controller.user.UserController.verifyCode(javax.servlet.http.HttpServletRequest,javax.servlet.http.HttpServletResponse,javax.servlet.http.HttpSession) throws java.io.IOException
[INFO] [2019-02-14 11:25:25][org.springframework.web.servlet.DispatcherServlet]FrameworkServlet 'SpringMVC': initialization completed in 433 ms
[INFO] [2019-02-14 11:25:29][org.apache.shiro.realm.AuthorizingRealm]try login...
[INFO] [2019-02-14 11:25:30][org.apache.shiro.realm.AuthorizingRealm]进入自定Realm,权限验证方法
[INFO] [2019-02-14 11:27:12][org.springframework.web.servlet.DispatcherServlet]FrameworkServlet 'SpringMVC': initialization started
[INFO] [2019-02-14 11:27:12][org.springframework.web.context.support.XmlWebApplicationContext]Refreshing WebApplicationContext for namespace 'SpringMVC-servlet': startup date [Thu Feb 14 11:27:12 CST 2019]; parent: Root WebApplicationContext
[INFO] [2019-02-14 11:27:12][org.springframework.beans.factory.xml.XmlBeanDefinitionReader]Loading XML bean definitions from class path resource [spring/spring-mvc.xml]
[INFO] [2019-02-14 11:27:12][org.springframework.web.servlet.handler.SimpleUrlHandlerMapping]Mapped URL path [/statics/**] onto handler 'org.springframework.web.servlet.resource.ResourceHttpRequestHandler#0'
[INFO] [2019-02-14 11:27:12][org.springframework.web.servlet.mvc.method.annotation.RequestMappingHandlerMapping]Mapped "{[/article/loadCommentAndOthers],methods=[],params=[],headers=[],consumes=[],produces=[],custom=[]}" onto public java.lang.String cn.cj.controller.article.ArticleController.loadCommentAndOthers(java.lang.Long)
[INFO] [2019-02-14 11:27:12][org.springframework.web.servlet.mvc.method.annotation.RequestMappingHandlerMapping]Mapped "{[/article/articleInfo],methods=[],params=[],headers=[],consumes=[],produces=[],custom=[]}" onto public java.lang.String cn.cj.controller.article.ArticleController.articleInfos(java.lang.String,javax.servlet.http.HttpServletRequest)
[INFO] [2019-02-14 11:27:12][org.springframework.web.servlet.mvc.method.annotation.RequestMappingHandlerMapping]Mapped "{[/back/index],methods=[],params=[],headers=[],consumes=[],produces=[],custom=[]}" onto public java.lang.String cn.cj.controller.back.BackController.index()
[INFO] [2019-02-14 11:27:12][org.springframework.web.servlet.mvc.method.annotation.RequestMappingHandlerMapping]Mapped "{[/back/pasteArticleImg],methods=[],params=[],headers=[],consumes=[],produces=[],custom=[]}" onto public java.lang.String cn.cj.controller.back.BackController.pasteArticleImg(java.lang.String,javax.servlet.http.HttpServletRequest,org.springframework.web.multipart.MultipartFile)
[INFO] [2019-02-14 11:27:12][org.springframework.web.servlet.mvc.method.annotation.RequestMappingHandlerMapping]Mapped "{[/back/queryArticleList],methods=[],params=[],headers=[],consumes=[],produces=[],custom=[]}" onto public java.lang.Object cn.cj.controller.back.BackController.queryArticleList(java.lang.Integer,java.lang.Integer,java.lang.String,java.lang.String,java.lang.String)
[INFO] [2019-02-14 11:27:12][org.springframework.web.servlet.mvc.method.annotation.RequestMappingHandlerMapping]Mapped "{[/back/putawayArticle],methods=[],params=[],headers=[],consumes=[],produces=[],custom=[]}" onto public java.lang.String cn.cj.controller.back.BackController.putawayArticle(java.lang.Integer,java.lang.Integer)
[INFO] [2019-02-14 11:27:12][org.springframework.web.servlet.mvc.method.annotation.RequestMappingHandlerMapping]Mapped "{[/back/addArticle],methods=[],params=[],headers=[],consumes=[],produces=[],custom=[]}" onto public java.lang.String cn.cj.controller.back.BackController.addArticle(javax.servlet.http.HttpServletRequest)
[INFO] [2019-02-14 11:27:12][org.springframework.web.servlet.mvc.method.annotation.RequestMappingHandlerMapping]Mapped "{[/back/addArticle],methods=[POST],params=[],headers=[],consumes=[],produces=[],custom=[]}" onto public java.lang.String cn.cj.controller.back.BackController.addArticle(org.springframework.web.multipart.MultipartFile,javax.servlet.http.HttpServletRequest,java.lang.String,java.lang.String,java.lang.String[],java.lang.String)
[INFO] [2019-02-14 11:27:12][org.springframework.web.servlet.mvc.method.annotation.RequestMappingHandlerMapping]Mapped "{[/back/articleList],methods=[],params=[],headers=[],consumes=[],produces=[],custom=[]}" onto public java.lang.String cn.cj.controller.back.BackController.articleList()
[INFO] [2019-02-14 11:27:12][org.springframework.web.servlet.mvc.method.annotation.RequestMappingHandlerMapping]Mapped "{[/back/deleteArticle],methods=[],params=[],headers=[],consumes=[],produces=[],custom=[]}" onto public java.lang.String cn.cj.controller.back.BackController.deleteArticle(java.lang.Integer)
[INFO] [2019-02-14 11:27:12][org.springframework.web.servlet.mvc.method.annotation.RequestMappingHandlerMapping]Mapped "{[/solr/showSolr],methods=[],params=[],headers=[],consumes=[],produces=[],custom=[]}" onto public java.lang.String cn.cj.controller.solr.SolrController.showSolr(javax.servlet.http.HttpServletRequest)
[INFO] [2019-02-14 11:27:12][org.springframework.web.servlet.mvc.method.annotation.RequestMappingHandlerMapping]Mapped "{[/solr/deleteAllIndex],methods=[],params=[],headers=[],consumes=[],produces=[],custom=[]}" onto public java.lang.String cn.cj.controller.solr.SolrController.deleteAllIndex()
[INFO] [2019-02-14 11:27:12][org.springframework.web.servlet.mvc.method.annotation.RequestMappingHandlerMapping]Mapped "{[/solr/addUser],methods=[],params=[],headers=[],consumes=[],produces=[],custom=[]}" onto public java.lang.String cn.cj.controller.solr.SolrController.addUser()
[INFO] [2019-02-14 11:27:12][org.springframework.web.servlet.mvc.method.annotation.RequestMappingHandlerMapping]Mapped "{[/user/index],methods=[],params=[],headers=[],consumes=[],produces=[],custom=[]}" onto public java.lang.String cn.cj.controller.user.UserController.index()
[INFO] [2019-02-14 11:27:12][org.springframework.web.servlet.mvc.method.annotation.RequestMappingHandlerMapping]Mapped "{[/user/error],methods=[],params=[],headers=[],consumes=[],produces=[],custom=[]}" onto public java.lang.String cn.cj.controller.user.UserController.error()
[INFO] [2019-02-14 11:27:12][org.springframework.web.servlet.mvc.method.annotation.RequestMappingHandlerMapping]Mapped "{[/user/doRegister],methods=[POST],params=[],headers=[],consumes=[],produces=[],custom=[]}" onto public java.lang.Object cn.cj.controller.user.UserController.doRegister(javax.servlet.http.HttpServletRequest,javax.servlet.http.HttpServletResponse,java.lang.String,java.lang.String,java.lang.String,java.lang.String) throws java.io.IOException
[INFO] [2019-02-14 11:27:12][org.springframework.web.servlet.mvc.method.annotation.RequestMappingHandlerMapping]Mapped "{[/user/doLogin],methods=[],params=[],headers=[],consumes=[],produces=[],custom=[]}" onto public java.lang.Object cn.cj.controller.user.UserController.doLogin(cn.cj.entity.User,java.lang.String,javax.servlet.http.HttpServletRequest)
[INFO] [2019-02-14 11:27:12][org.springframework.web.servlet.mvc.method.annotation.RequestMappingHandlerMapping]Mapped "{[/user/login],methods=[],params=[],headers=[],consumes=[],produces=[],custom=[]}" onto public java.lang.String cn.cj.controller.user.UserController.login()
[INFO] [2019-02-14 11:27:12][org.springframework.web.servlet.mvc.method.annotation.RequestMappingHandlerMapping]Mapped "{[/user/createverifyCode],methods=[],params=[],headers=[],consumes=[],produces=[],custom=[]}" onto public void cn.cj.controller.user.UserController.verifyCode(javax.servlet.http.HttpServletRequest,javax.servlet.http.HttpServletResponse,javax.servlet.http.HttpSession) throws java.io.IOException
[INFO] [2019-02-14 11:27:12][org.springframework.web.servlet.DispatcherServlet]FrameworkServlet 'SpringMVC': initialization completed in 478 ms
[INFO] [2019-02-14 11:27:18][org.apache.shiro.realm.AuthorizingRealm]try login...
[INFO] [2019-02-14 11:27:28][org.apache.shiro.realm.AuthorizingRealm]try login...
[INFO] [2019-02-14 11:27:28][org.apache.shiro.realm.AuthorizingRealm]进入自定Realm,权限验证方法
[INFO] [2019-02-14 13:59:50][org.springframework.web.servlet.DispatcherServlet]FrameworkServlet 'SpringMVC': initialization started
[INFO] [2019-02-14 13:59:50][org.springframework.web.context.support.XmlWebApplicationContext]Refreshing WebApplicationContext for namespace 'SpringMVC-servlet': startup date [Thu Feb 14 13:59:50 CST 2019]; parent: Root WebApplicationContext
[INFO] [2019-02-14 13:59:50][org.springframework.beans.factory.xml.XmlBeanDefinitionReader]Loading XML bean definitions from class path resource [spring/spring-mvc.xml]
[INFO] [2019-02-14 13:59:50][org.springframework.web.servlet.handler.SimpleUrlHandlerMapping]Mapped URL path [/statics/**] onto handler 'org.springframework.web.servlet.resource.ResourceHttpRequestHandler#0'
[INFO] [2019-02-14 13:59:50][org.springframework.web.servlet.mvc.method.annotation.RequestMappingHandlerMapping]Mapped "{[/article/loadCommentAndOthers],methods=[],params=[],headers=[],consumes=[],produces=[],custom=[]}" onto public java.lang.String cn.cj.controller.article.ArticleController.loadCommentAndOthers(java.lang.Long)
[INFO] [2019-02-14 13:59:50][org.springframework.web.servlet.mvc.method.annotation.RequestMappingHandlerMapping]Mapped "{[/article/articleInfo],methods=[],params=[],headers=[],consumes=[],produces=[],custom=[]}" onto public java.lang.String cn.cj.controller.article.ArticleController.articleInfos(java.lang.String,javax.servlet.http.HttpServletRequest)
[INFO] [2019-02-14 13:59:50][org.springframework.web.servlet.mvc.method.annotation.RequestMappingHandlerMapping]Mapped "{[/back/index],methods=[],params=[],headers=[],consumes=[],produces=[],custom=[]}" onto public java.lang.String cn.cj.controller.back.BackController.index()
[INFO] [2019-02-14 13:59:50][org.springframework.web.servlet.mvc.method.annotation.RequestMappingHandlerMapping]Mapped "{[/back/pasteArticleImg],methods=[],params=[],headers=[],consumes=[],produces=[],custom=[]}" onto public java.lang.String cn.cj.controller.back.BackController.pasteArticleImg(java.lang.String,javax.servlet.http.HttpServletRequest,org.springframework.web.multipart.MultipartFile)
[INFO] [2019-02-14 13:59:50][org.springframework.web.servlet.mvc.method.annotation.RequestMappingHandlerMapping]Mapped "{[/back/queryArticleList],methods=[],params=[],headers=[],consumes=[],produces=[],custom=[]}" onto public java.lang.Object cn.cj.controller.back.BackController.queryArticleList(java.lang.Integer,java.lang.Integer,java.lang.String,java.lang.String,java.lang.String)
[INFO] [2019-02-14 13:59:50][org.springframework.web.servlet.mvc.method.annotation.RequestMappingHandlerMapping]Mapped "{[/back/putawayArticle],methods=[],params=[],headers=[],consumes=[],produces=[],custom=[]}" onto public java.lang.String cn.cj.controller.back.BackController.putawayArticle(java.lang.Integer,java.lang.Integer)
[INFO] [2019-02-14 13:59:50][org.springframework.web.servlet.mvc.method.annotation.RequestMappingHandlerMapping]Mapped "{[/back/addArticle],methods=[],params=[],headers=[],consumes=[],produces=[],custom=[]}" onto public java.lang.String cn.cj.controller.back.BackController.addArticle(javax.servlet.http.HttpServletRequest)
[INFO] [2019-02-14 13:59:50][org.springframework.web.servlet.mvc.method.annotation.RequestMappingHandlerMapping]Mapped "{[/back/addArticle],methods=[POST],params=[],headers=[],consumes=[],produces=[],custom=[]}" onto public java.lang.String cn.cj.controller.back.BackController.addArticle(org.springframework.web.multipart.MultipartFile,javax.servlet.http.HttpServletRequest,java.lang.String,java.lang.String,java.lang.String[],java.lang.String)
[INFO] [2019-02-14 13:59:50][org.springframework.web.servlet.mvc.method.annotation.RequestMappingHandlerMapping]Mapped "{[/back/articleList],methods=[],params=[],headers=[],consumes=[],produces=[],custom=[]}" onto public java.lang.String cn.cj.controller.back.BackController.articleList()
[INFO] [2019-02-14 13:59:50][org.springframework.web.servlet.mvc.method.annotation.RequestMappingHandlerMapping]Mapped "{[/back/deleteArticle],methods=[],params=[],headers=[],consumes=[],produces=[],custom=[]}" onto public java.lang.String cn.cj.controller.back.BackController.deleteArticle(java.lang.Integer)
[INFO] [2019-02-14 13:59:50][org.springframework.web.servlet.mvc.method.annotation.RequestMappingHandlerMapping]Mapped "{[/solr/deleteAllIndex],methods=[],params=[],headers=[],consumes=[],produces=[],custom=[]}" onto public java.lang.String cn.cj.controller.solr.SolrController.deleteAllIndex()
[INFO] [2019-02-14 13:59:50][org.springframework.web.servlet.mvc.method.annotation.RequestMappingHandlerMapping]Mapped "{[/solr/showSolr],methods=[],params=[],headers=[],consumes=[],produces=[],custom=[]}" onto public java.lang.String cn.cj.controller.solr.SolrController.showSolr(javax.servlet.http.HttpServletRequest)
[INFO] [2019-02-14 13:59:50][org.springframework.web.servlet.mvc.method.annotation.RequestMappingHandlerMapping]Mapped "{[/solr/addUser],methods=[],params=[],headers=[],consumes=[],produces=[],custom=[]}" onto public java.lang.String cn.cj.controller.solr.SolrController.addUser()
[INFO] [2019-02-14 13:59:50][org.springframework.web.servlet.mvc.method.annotation.RequestMappingHandlerMapping]Mapped "{[/user/index],methods=[],params=[],headers=[],consumes=[],produces=[],custom=[]}" onto public java.lang.String cn.cj.controller.user.UserController.index()
[INFO] [2019-02-14 13:59:50][org.springframework.web.servlet.mvc.method.annotation.RequestMappingHandlerMapping]Mapped "{[/user/error],methods=[],params=[],headers=[],consumes=[],produces=[],custom=[]}" onto public java.lang.String cn.cj.controller.user.UserController.error()
[INFO] [2019-02-14 13:59:50][org.springframework.web.servlet.mvc.method.annotation.RequestMappingHandlerMapping]Mapped "{[/user/login],methods=[],params=[],headers=[],consumes=[],produces=[],custom=[]}" onto public java.lang.String cn.cj.controller.user.UserController.login()
[INFO] [2019-02-14 13:59:50][org.springframework.web.servlet.mvc.method.annotation.RequestMappingHandlerMapping]Mapped "{[/user/doRegister],methods=[POST],params=[],headers=[],consumes=[],produces=[],custom=[]}" onto public java.lang.Object cn.cj.controller.user.UserController.doRegister(javax.servlet.http.HttpServletRequest,javax.servlet.http.HttpServletResponse,java.lang.String,java.lang.String,java.lang.String,java.lang.String) throws java.io.IOException
[INFO] [2019-02-14 13:59:50][org.springframework.web.servlet.mvc.method.annotation.RequestMappingHandlerMapping]Mapped "{[/user/doLogin],methods=[],params=[],headers=[],consumes=[],produces=[],custom=[]}" onto public java.lang.Object cn.cj.controller.user.UserController.doLogin(cn.cj.entity.User,java.lang.String,javax.servlet.http.HttpServletRequest)
[INFO] [2019-02-14 13:59:50][org.springframework.web.servlet.mvc.method.annotation.RequestMappingHandlerMapping]Mapped "{[/user/createverifyCode],methods=[],params=[],headers=[],consumes=[],produces=[],custom=[]}" onto public void cn.cj.controller.user.UserController.verifyCode(javax.servlet.http.HttpServletRequest,javax.servlet.http.HttpServletResponse,javax.servlet.http.HttpSession) throws java.io.IOException
[INFO] [2019-02-14 13:59:50][org.springframework.web.servlet.DispatcherServlet]FrameworkServlet 'SpringMVC': initialization completed in 421 ms
[INFO] [2019-02-14 13:59:54][org.apache.shiro.realm.AuthorizingRealm]try login...
[INFO] [2019-02-14 13:59:55][org.apache.shiro.realm.AuthorizingRealm]进入自定Realm,权限验证方法
[INFO] [2019-02-14 14:49:11][org.springframework.web.servlet.DispatcherServlet]FrameworkServlet 'SpringMVC': initialization started
[INFO] [2019-02-14 14:49:11][org.springframework.web.context.support.XmlWebApplicationContext]Refreshing WebApplicationContext for namespace 'SpringMVC-servlet': startup date [Thu Feb 14 14:49:11 CST 2019]; parent: Root WebApplicationContext
[INFO] [2019-02-14 14:49:11][org.springframework.beans.factory.xml.XmlBeanDefinitionReader]Loading XML bean definitions from class path resource [spring/spring-mvc.xml]
[INFO] [2019-02-14 14:49:11][org.springframework.web.servlet.handler.SimpleUrlHandlerMapping]Mapped URL path [/statics/**] onto handler 'org.springframework.web.servlet.resource.ResourceHttpRequestHandler#0'
[INFO] [2019-02-14 14:49:11][org.springframework.web.servlet.mvc.method.annotation.RequestMappingHandlerMapping]Mapped "{[/article/loadCommentAndOthers],methods=[],params=[],headers=[],consumes=[],produces=[],custom=[]}" onto public java.lang.String cn.cj.controller.article.ArticleController.loadCommentAndOthers(java.lang.Long)
[INFO] [2019-02-14 14:49:11][org.springframework.web.servlet.mvc.method.annotation.RequestMappingHandlerMapping]Mapped "{[/article/articleInfo],methods=[],params=[],headers=[],consumes=[],produces=[],custom=[]}" onto public java.lang.String cn.cj.controller.article.ArticleController.articleInfos(java.lang.String,javax.servlet.http.HttpServletRequest)
[INFO] [2019-02-14 14:49:11][org.springframework.web.servlet.mvc.method.annotation.RequestMappingHandlerMapping]Mapped "{[/back/index],methods=[],params=[],headers=[],consumes=[],produces=[],custom=[]}" onto public java.lang.String cn.cj.controller.back.BackController.index()
[INFO] [2019-02-14 14:49:11][org.springframework.web.servlet.mvc.method.annotation.RequestMappingHandlerMapping]Mapped "{[/back/pasteArticleImg],methods=[],params=[],headers=[],consumes=[],produces=[],custom=[]}" onto public java.lang.String cn.cj.controller.back.BackController.pasteArticleImg(java.lang.String,javax.servlet.http.HttpServletRequest,org.springframework.web.multipart.MultipartFile)
[INFO] [2019-02-14 14:49:11][org.springframework.web.servlet.mvc.method.annotation.RequestMappingHandlerMapping]Mapped "{[/back/queryArticleList],methods=[],params=[],headers=[],consumes=[],produces=[],custom=[]}" onto public java.lang.Object cn.cj.controller.back.BackController.queryArticleList(java.lang.Integer,java.lang.Integer,java.lang.String,java.lang.String,java.lang.String)
[INFO] [2019-02-14 14:49:11][org.springframework.web.servlet.mvc.method.annotation.RequestMappingHandlerMapping]Mapped "{[/back/putawayArticle],methods=[],params=[],headers=[],consumes=[],produces=[],custom=[]}" onto public java.lang.String cn.cj.controller.back.BackController.putawayArticle(java.lang.Integer,java.lang.Integer)
[INFO] [2019-02-14 14:49:11][org.springframework.web.servlet.mvc.method.annotation.RequestMappingHandlerMapping]Mapped "{[/back/addArticle],methods=[],params=[],headers=[],consumes=[],produces=[],custom=[]}" onto public java.lang.String cn.cj.controller.back.BackController.addArticle(javax.servlet.http.HttpServletRequest)
[INFO] [2019-02-14 14:49:11][org.springframework.web.servlet.mvc.method.annotation.RequestMappingHandlerMapping]Mapped "{[/back/addArticle],methods=[POST],params=[],headers=[],consumes=[],produces=[],custom=[]}" onto public java.lang.String cn.cj.controller.back.BackController.addArticle(org.springframework.web.multipart.MultipartFile,javax.servlet.http.HttpServletRequest,java.lang.String,java.lang.String,java.lang.String[],java.lang.String)
[INFO] [2019-02-14 14:49:11][org.springframework.web.servlet.mvc.method.annotation.RequestMappingHandlerMapping]Mapped "{[/back/articleList],methods=[],params=[],headers=[],consumes=[],produces=[],custom=[]}" onto public java.lang.String cn.cj.controller.back.BackController.articleList()
[INFO] [2019-02-14 14:49:11][org.springframework.web.servlet.mvc.method.annotation.RequestMappingHandlerMapping]Mapped "{[/back/deleteArticle],methods=[],params=[],headers=[],consumes=[],produces=[],custom=[]}" onto public java.lang.String cn.cj.controller.back.BackController.deleteArticle(java.lang.Integer)
[INFO] [2019-02-14 14:49:11][org.springframework.web.servlet.mvc.method.annotation.RequestMappingHandlerMapping]Mapped "{[/solr/showSolr],methods=[],params=[],headers=[],consumes=[],produces=[],custom=[]}" onto public java.lang.String cn.cj.controller.solr.SolrController.showSolr(javax.servlet.http.HttpServletRequest)
[INFO] [2019-02-14 14:49:11][org.springframework.web.servlet.mvc.method.annotation.RequestMappingHandlerMapping]Mapped "{[/solr/deleteAllIndex],methods=[],params=[],headers=[],consumes=[],produces=[],custom=[]}" onto public java.lang.String cn.cj.controller.solr.SolrController.deleteAllIndex()
[INFO] [2019-02-14 14:49:11][org.springframework.web.servlet.mvc.method.annotation.RequestMappingHandlerMapping]Mapped "{[/solr/addUser],methods=[],params=[],headers=[],consumes=[],produces=[],custom=[]}" onto public java.lang.String cn.cj.controller.solr.SolrController.addUser()
[INFO] [2019-02-14 14:49:11][org.springframework.web.servlet.mvc.method.annotation.RequestMappingHandlerMapping]Mapped "{[/user/index],methods=[],params=[],headers=[],consumes=[],produces=[],custom=[]}" onto public java.lang.String cn.cj.controller.user.UserController.index()
[INFO] [2019-02-14 14:49:11][org.springframework.web.servlet.mvc.method.annotation.RequestMappingHandlerMapping]Mapped "{[/user/error],methods=[],params=[],headers=[],consumes=[],produces=[],custom=[]}" onto public java.lang.String cn.cj.controller.user.UserController.error()
[INFO] [2019-02-14 14:49:11][org.springframework.web.servlet.mvc.method.annotation.RequestMappingHandlerMapping]Mapped "{[/user/doRegister],methods=[POST],params=[],headers=[],consumes=[],produces=[],custom=[]}" onto public java.lang.Object cn.cj.controller.user.UserController.doRegister(javax.servlet.http.HttpServletRequest,javax.servlet.http.HttpServletResponse,java.lang.String,java.lang.String,java.lang.String,java.lang.String) throws java.io.IOException
[INFO] [2019-02-14 14:49:11][org.springframework.web.servlet.mvc.method.annotation.RequestMappingHandlerMapping]Mapped "{[/user/login],methods=[],params=[],headers=[],consumes=[],produces=[],custom=[]}" onto public java.lang.String cn.cj.controller.user.UserController.login()
[INFO] [2019-02-14 14:49:11][org.springframework.web.servlet.mvc.method.annotation.RequestMappingHandlerMapping]Mapped "{[/user/doLogin],methods=[],params=[],headers=[],consumes=[],produces=[],custom=[]}" onto public java.lang.Object cn.cj.controller.user.UserController.doLogin(cn.cj.entity.User,java.lang.String,javax.servlet.http.HttpServletRequest)
[INFO] [2019-02-14 14:49:11][org.springframework.web.servlet.mvc.method.annotation.RequestMappingHandlerMapping]Mapped "{[/user/createverifyCode],methods=[],params=[],headers=[],consumes=[],produces=[],custom=[]}" onto public void cn.cj.controller.user.UserController.verifyCode(javax.servlet.http.HttpServletRequest,javax.servlet.http.HttpServletResponse,javax.servlet.http.HttpSession) throws java.io.IOException
[INFO] [2019-02-14 14:49:12][org.springframework.web.servlet.DispatcherServlet]FrameworkServlet 'SpringMVC': initialization completed in 448 ms
[INFO] [2019-02-14 14:49:15][org.apache.shiro.realm.AuthorizingRealm]try login...
[INFO] [2019-02-14 14:49:16][org.apache.shiro.realm.AuthorizingRealm]进入自定Realm,权限验证方法
[WARN] [2019-02-14 14:49:19][org.springframework.web.servlet.PageNotFound]No mapping found for HTTP request with URI [/cn-cj-web/article/[object HTMLInputElement]/article/loadCommentAndOthers] in DispatcherServlet with name 'SpringMVC'
[WARN] [2019-02-14 14:51:07][org.springframework.web.servlet.PageNotFound]No mapping found for HTTP request with URI [/cn-cj-web/article/[object HTMLInputElement]/article/loadCommentAndOthers] in DispatcherServlet with name 'SpringMVC'
[INFO] [2019-02-14 14:51:08][org.apache.shiro.realm.AuthorizingRealm]try login...
[WARN] [2019-02-14 14:51:12][org.springframework.web.servlet.PageNotFound]No mapping found for HTTP request with URI [/cn-cj-web/article/[object HTMLInputElement]/article/loadCommentAndOthers] in DispatcherServlet with name 'SpringMVC'
[INFO] [2019-02-14 14:52:44][org.springframework.web.servlet.DispatcherServlet]FrameworkServlet 'SpringMVC': initialization started
[INFO] [2019-02-14 14:52:44][org.springframework.web.context.support.XmlWebApplicationContext]Refreshing WebApplicationContext for namespace 'SpringMVC-servlet': startup date [Thu Feb 14 14:52:44 CST 2019]; parent: Root WebApplicationContext
[INFO] [2019-02-14 14:52:44][org.springframework.beans.factory.xml.XmlBeanDefinitionReader]Loading XML bean definitions from class path resource [spring/spring-mvc.xml]
[INFO] [2019-02-14 14:52:44][org.springframework.web.servlet.handler.SimpleUrlHandlerMapping]Mapped URL path [/statics/**] onto handler 'org.springframework.web.servlet.resource.ResourceHttpRequestHandler#0'
[INFO] [2019-02-14 14:52:44][org.springframework.web.servlet.mvc.method.annotation.RequestMappingHandlerMapping]Mapped "{[/article/articleInfo],methods=[],params=[],headers=[],consumes=[],produces=[],custom=[]}" onto public java.lang.String cn.cj.controller.article.ArticleController.articleInfos(java.lang.String,javax.servlet.http.HttpServletRequest)
[INFO] [2019-02-14 14:52:44][org.springframework.web.servlet.mvc.method.annotation.RequestMappingHandlerMapping]Mapped "{[/article/loadCommentAndOthers],methods=[],params=[],headers=[],consumes=[],produces=[],custom=[]}" onto public java.lang.String cn.cj.controller.article.ArticleController.loadCommentAndOthers(java.lang.Long)
[INFO] [2019-02-14 14:52:44][org.springframework.web.servlet.mvc.method.annotation.RequestMappingHandlerMapping]Mapped "{[/back/index],methods=[],params=[],headers=[],consumes=[],produces=[],custom=[]}" onto public java.lang.String cn.cj.controller.back.BackController.index()
[INFO] [2019-02-14 14:52:44][org.springframework.web.servlet.mvc.method.annotation.RequestMappingHandlerMapping]Mapped "{[/back/addArticle],methods=[POST],params=[],headers=[],consumes=[],produces=[],custom=[]}" onto public java.lang.String cn.cj.controller.back.BackController.addArticle(org.springframework.web.multipart.MultipartFile,javax.servlet.http.HttpServletRequest,java.lang.String,java.lang.String,java.lang.String[],java.lang.String)
[INFO] [2019-02-14 14:52:44][org.springframework.web.servlet.mvc.method.annotation.RequestMappingHandlerMapping]Mapped "{[/back/addArticle],methods=[],params=[],headers=[],consumes=[],produces=[],custom=[]}" onto public java.lang.String cn.cj.controller.back.BackController.addArticle(javax.servlet.http.HttpServletRequest)
[INFO] [2019-02-14 14:52:44][org.springframework.web.servlet.mvc.method.annotation.RequestMappingHandlerMapping]Mapped "{[/back/articleList],methods=[],params=[],headers=[],consumes=[],produces=[],custom=[]}" onto public java.lang.String cn.cj.controller.back.BackController.articleList()
[INFO] [2019-02-14 14:52:44][org.springframework.web.servlet.mvc.method.annotation.RequestMappingHandlerMapping]Mapped "{[/back/deleteArticle],methods=[],params=[],headers=[],consumes=[],produces=[],custom=[]}" onto public java.lang.String cn.cj.controller.back.BackController.deleteArticle(java.lang.Integer)
[INFO] [2019-02-14 14:52:44][org.springframework.web.servlet.mvc.method.annotation.RequestMappingHandlerMapping]Mapped "{[/back/pasteArticleImg],methods=[],params=[],headers=[],consumes=[],produces=[],custom=[]}" onto public java.lang.String cn.cj.controller.back.BackController.pasteArticleImg(java.lang.String,javax.servlet.http.HttpServletRequest,org.springframework.web.multipart.MultipartFile)
[INFO] [2019-02-14 14:52:44][org.springframework.web.servlet.mvc.method.annotation.RequestMappingHandlerMapping]Mapped "{[/back/queryArticleList],methods=[],params=[],headers=[],consumes=[],produces=[],custom=[]}" onto public java.lang.Object cn.cj.controller.back.BackController.queryArticleList(java.lang.Integer,java.lang.Integer,java.lang.String,java.lang.String,java.lang.String)
[INFO] [2019-02-14 14:52:44][org.springframework.web.servlet.mvc.method.annotation.RequestMappingHandlerMapping]Mapped "{[/back/putawayArticle],methods=[],params=[],headers=[],consumes=[],produces=[],custom=[]}" onto public java.lang.String cn.cj.controller.back.BackController.putawayArticle(java.lang.Integer,java.lang.Integer)
[INFO] [2019-02-14 14:52:44][org.springframework.web.servlet.mvc.method.annotation.RequestMappingHandlerMapping]Mapped "{[/solr/showSolr],methods=[],params=[],headers=[],consumes=[],produces=[],custom=[]}" onto public java.lang.String cn.cj.controller.solr.SolrController.showSolr(javax.servlet.http.HttpServletRequest)
[INFO] [2019-02-14 14:52:44][org.springframework.web.servlet.mvc.method.annotation.RequestMappingHandlerMapping]Mapped "{[/solr/deleteAllIndex],methods=[],params=[],headers=[],consumes=[],produces=[],custom=[]}" onto public java.lang.String cn.cj.controller.solr.SolrController.deleteAllIndex()
[INFO] [2019-02-14 14:52:44][org.springframework.web.servlet.mvc.method.annotation.RequestMappingHandlerMapping]Mapped "{[/solr/addUser],methods=[],params=[],headers=[],consumes=[],produces=[],custom=[]}" onto public java.lang.String cn.cj.controller.solr.SolrController.addUser()
[INFO] [2019-02-14 14:52:44][org.springframework.web.servlet.mvc.method.annotation.RequestMappingHandlerMapping]Mapped "{[/user/index],methods=[],params=[],headers=[],consumes=[],produces=[],custom=[]}" onto public java.lang.String cn.cj.controller.user.UserController.index()
[INFO] [2019-02-14 14:52:44][org.springframework.web.servlet.mvc.method.annotation.RequestMappingHandlerMapping]Mapped "{[/user/error],methods=[],params=[],headers=[],consumes=[],produces=[],custom=[]}" onto public java.lang.String cn.cj.controller.user.UserController.error()
[INFO] [2019-02-14 14:52:44][org.springframework.web.servlet.mvc.method.annotation.RequestMappingHandlerMapping]Mapped "{[/user/doRegister],methods=[POST],params=[],headers=[],consumes=[],produces=[],custom=[]}" onto public java.lang.Object cn.cj.controller.user.UserController.doRegister(javax.servlet.http.HttpServletRequest,javax.servlet.http.HttpServletResponse,java.lang.String,java.lang.String,java.lang.String,java.lang.String) throws java.io.IOException
[INFO] [2019-02-14 14:52:44][org.springframework.web.servlet.mvc.method.annotation.RequestMappingHandlerMapping]Mapped "{[/user/login],methods=[],params=[],headers=[],consumes=[],produces=[],custom=[]}" onto public java.lang.String cn.cj.controller.user.UserController.login()
[INFO] [2019-02-14 14:52:44][org.springframework.web.servlet.mvc.method.annotation.RequestMappingHandlerMapping]Mapped "{[/user/doLogin],methods=[],params=[],headers=[],consumes=[],produces=[],custom=[]}" onto public java.lang.Object cn.cj.controller.user.UserController.doLogin(cn.cj.entity.User,java.lang.String,javax.servlet.http.HttpServletRequest)
[INFO] [2019-02-14 14:52:44][org.springframework.web.servlet.mvc.method.annotation.RequestMappingHandlerMapping]Mapped "{[/user/createverifyCode],methods=[],params=[],headers=[],consumes=[],produces=[],custom=[]}" onto public void cn.cj.controller.user.UserController.verifyCode(javax.servlet.http.HttpServletRequest,javax.servlet.http.HttpServletResponse,javax.servlet.http.HttpSession) throws java.io.IOException
[INFO] [2019-02-14 14:52:45][org.springframework.web.servlet.DispatcherServlet]FrameworkServlet 'SpringMVC': initialization completed in 402 ms
[INFO] [2019-02-14 14:52:46][org.apache.shiro.realm.AuthorizingRealm]进入自定Realm,权限验证方法
[INFO] [2019-02-14 14:54:09][org.apache.shiro.realm.AuthorizingRealm]try login...
[INFO] [2019-02-16 18:40:19][org.springframework.web.servlet.DispatcherServlet]FrameworkServlet 'SpringMVC': initialization started
[INFO] [2019-02-16 18:40:19][org.springframework.web.context.support.XmlWebApplicationContext]Refreshing WebApplicationContext for namespace 'SpringMVC-servlet': startup date [Sat Feb 16 18:40:19 CST 2019]; parent: Root WebApplicationContext
[INFO] [2019-02-16 18:40:19][org.springframework.beans.factory.xml.XmlBeanDefinitionReader]Loading XML bean definitions from class path resource [spring/spring-mvc.xml]
[INFO] [2019-02-16 18:40:20][org.springframework.web.servlet.handler.SimpleUrlHandlerMapping]Mapped URL path [/statics/**] onto handler 'org.springframework.web.servlet.resource.ResourceHttpRequestHandler#0'
[INFO] [2019-02-16 18:40:20][org.springframework.web.servlet.mvc.method.annotation.RequestMappingHandlerMapping]Mapped "{[/article/articleInfo],methods=[],params=[],headers=[],consumes=[],produces=[],custom=[]}" onto public java.lang.String cn.cj.controller.article.ArticleController.articleInfos(java.lang.String,javax.servlet.http.HttpServletRequest)
[INFO] [2019-02-16 18:40:20][org.springframework.web.servlet.mvc.method.annotation.RequestMappingHandlerMapping]Mapped "{[/article/loadCommentAndOthers],methods=[],params=[],headers=[],consumes=[],produces=[],custom=[]}" onto public java.lang.String cn.cj.controller.article.ArticleController.loadCommentAndOthers(java.lang.Long)
[INFO] [2019-02-16 18:40:20][org.springframework.web.servlet.mvc.method.annotation.RequestMappingHandlerMapping]Mapped "{[/back/index],methods=[],params=[],headers=[],consumes=[],produces=[],custom=[]}" onto public java.lang.String cn.cj.controller.back.BackController.index()
[INFO] [2019-02-16 18:40:20][org.springframework.web.servlet.mvc.method.annotation.RequestMappingHandlerMapping]Mapped "{[/back/addArticle],methods=[POST],params=[],headers=[],consumes=[],produces=[],custom=[]}" onto public java.lang.String cn.cj.controller.back.BackController.addArticle(org.springframework.web.multipart.MultipartFile,javax.servlet.http.HttpServletRequest,java.lang.String,java.lang.String,java.lang.String[],java.lang.String)
[INFO] [2019-02-16 18:40:20][org.springframework.web.servlet.mvc.method.annotation.RequestMappingHandlerMapping]Mapped "{[/back/addArticle],methods=[],params=[],headers=[],consumes=[],produces=[],custom=[]}" onto public java.lang.String cn.cj.controller.back.BackController.addArticle(javax.servlet.http.HttpServletRequest)
[INFO] [2019-02-16 18:40:20][org.springframework.web.servlet.mvc.method.annotation.RequestMappingHandlerMapping]Mapped "{[/back/articleList],methods=[],params=[],headers=[],consumes=[],produces=[],custom=[]}" onto public java.lang.String cn.cj.controller.back.BackController.articleList()
[INFO] [2019-02-16 18:40:20][org.springframework.web.servlet.mvc.method.annotation.RequestMappingHandlerMapping]Mapped "{[/back/deleteArticle],methods=[],params=[],headers=[],consumes=[],produces=[],custom=[]}" onto public java.lang.String cn.cj.controller.back.BackController.deleteArticle(java.lang.Integer)
[INFO] [2019-02-16 18:40:20][org.springframework.web.servlet.mvc.method.annotation.RequestMappingHandlerMapping]Mapped "{[/back/pasteArticleImg],methods=[],params=[],headers=[],consumes=[],produces=[],custom=[]}" onto public java.lang.String cn.cj.controller.back.BackController.pasteArticleImg(java.lang.String,javax.servlet.http.HttpServletRequest,org.springframework.web.multipart.MultipartFile)
[INFO] [2019-02-16 18:40:20][org.springframework.web.servlet.mvc.method.annotation.RequestMappingHandlerMapping]Mapped "{[/back/queryArticleList],methods=[],params=[],headers=[],consumes=[],produces=[],custom=[]}" onto public java.lang.Object cn.cj.controller.back.BackController.queryArticleList(java.lang.Integer,java.lang.Integer,java.lang.String,java.lang.String,java.lang.String)
[INFO] [2019-02-16 18:40:20][org.springframework.web.servlet.mvc.method.annotation.RequestMappingHandlerMapping]Mapped "{[/back/putawayArticle],methods=[],params=[],headers=[],consumes=[],produces=[],custom=[]}" onto public java.lang.String cn.cj.controller.back.BackController.putawayArticle(java.lang.Integer,java.lang.Integer)
[INFO] [2019-02-16 18:40:20][org.springframework.web.servlet.mvc.method.annotation.RequestMappingHandlerMapping]Mapped "{[/solr/showSolr],methods=[],params=[],headers=[],consumes=[],produces=[],custom=[]}" onto public java.lang.String cn.cj.controller.solr.SolrController.showSolr(javax.servlet.http.HttpServletRequest)
[INFO] [2019-02-16 18:40:20][org.springframework.web.servlet.mvc.method.annotation.RequestMappingHandlerMapping]Mapped "{[/solr/addUser],methods=[],params=[],headers=[],consumes=[],produces=[],custom=[]}" onto public java.lang.String cn.cj.controller.solr.SolrController.addUser()
[INFO] [2019-02-16 18:40:20][org.springframework.web.servlet.mvc.method.annotation.RequestMappingHandlerMapping]Mapped "{[/solr/deleteAllIndex],methods=[],params=[],headers=[],consumes=[],produces=[],custom=[]}" onto public java.lang.String cn.cj.controller.solr.SolrController.deleteAllIndex()
[INFO] [2019-02-16 18:40:20][org.springframework.web.servlet.mvc.method.annotation.RequestMappingHandlerMapping]Mapped "{[/user/index],methods=[],params=[],headers=[],consumes=[],produces=[],custom=[]}" onto public java.lang.String cn.cj.controller.user.UserController.index()
[INFO] [2019-02-16 18:40:20][org.springframework.web.servlet.mvc.method.annotation.RequestMappingHandlerMapping]Mapped "{[/user/error],methods=[],params=[],headers=[],consumes=[],produces=[],custom=[]}" onto public java.lang.String cn.cj.controller.user.UserController.error()
[INFO] [2019-02-16 18:40:20][org.springframework.web.servlet.mvc.method.annotation.RequestMappingHandlerMapping]Mapped "{[/user/doLogin],methods=[],params=[],headers=[],consumes=[],produces=[],custom=[]}" onto public java.lang.Object cn.cj.controller.user.UserController.doLogin(cn.cj.entity.User,java.lang.String,javax.servlet.http.HttpServletRequest)
[INFO] [2019-02-16 18:40:20][org.springframework.web.servlet.mvc.method.annotation.RequestMappingHandlerMapping]Mapped "{[/user/login],methods=[],params=[],headers=[],consumes=[],produces=[],custom=[]}" onto public java.lang.String cn.cj.controller.user.UserController.login()
[INFO] [2019-02-16 18:40:20][org.springframework.web.servlet.mvc.method.annotation.RequestMappingHandlerMapping]Mapped "{[/user/createverifyCode],methods=[],params=[],headers=[],consumes=[],produces=[],custom=[]}" onto public void cn.cj.controller.user.UserController.verifyCode(javax.servlet.http.HttpServletRequest,javax.servlet.http.HttpServletResponse,javax.servlet.http.HttpSession) throws java.io.IOException
[INFO] [2019-02-16 18:40:20][org.springframework.web.servlet.mvc.method.annotation.RequestMappingHandlerMapping]Mapped "{[/user/doRegister],methods=[POST],params=[],headers=[],consumes=[],produces=[],custom=[]}" onto public java.lang.Object cn.cj.controller.user.UserController.doRegister(javax.servlet.http.HttpServletRequest,javax.servlet.http.HttpServletResponse,java.lang.String,java.lang.String,java.lang.String,java.lang.String) throws java.io.IOException
[INFO] [2019-02-16 18:40:20][org.springframework.web.servlet.DispatcherServlet]FrameworkServlet 'SpringMVC': initialization completed in 659 ms
[INFO] [2019-02-16 18:40:45][org.apache.shiro.realm.AuthorizingRealm]try login...
[INFO] [2019-02-16 18:40:47][org.apache.shiro.realm.AuthorizingRealm]进入自定Realm,权限验证方法
[INFO] [2019-02-20 11:18:53][org.springframework.web.servlet.DispatcherServlet]FrameworkServlet 'SpringMVC': initialization started
[INFO] [2019-02-20 11:18:53][org.springframework.web.context.support.XmlWebApplicationContext]Refreshing WebApplicationContext for namespace 'SpringMVC-servlet': startup date [Wed Feb 20 11:18:53 CST 2019]; parent: Root WebApplicationContext
[INFO] [2019-02-20 11:18:53][org.springframework.beans.factory.xml.XmlBeanDefinitionReader]Loading XML bean definitions from class path resource [spring/spring-mvc.xml]
[INFO] [2019-02-20 11:18:54][org.springframework.web.servlet.handler.SimpleUrlHandlerMapping]Mapped URL path [/statics/**] onto handler 'org.springframework.web.servlet.resource.ResourceHttpRequestHandler#0'
[INFO] [2019-02-20 11:18:54][org.springframework.web.servlet.mvc.method.annotation.RequestMappingHandlerMapping]Mapped "{[/article/articleInfo],methods=[],params=[],headers=[],consumes=[],produces=[],custom=[]}" onto public java.lang.String cn.cj.controller.article.ArticleController.articleInfos(java.lang.String,javax.servlet.http.HttpServletRequest)
[INFO] [2019-02-20 11:18:54][org.springframework.web.servlet.mvc.method.annotation.RequestMappingHandlerMapping]Mapped "{[/article/loadCommentAndOthers],methods=[],params=[],headers=[],consumes=[],produces=[],custom=[]}" onto public java.lang.String cn.cj.controller.article.ArticleController.loadCommentAndOthers(java.lang.Long)
[INFO] [2019-02-20 11:18:54][org.springframework.web.servlet.mvc.method.annotation.RequestMappingHandlerMapping]Mapped "{[/back/index],methods=[],params=[],headers=[],consumes=[],produces=[],custom=[]}" onto public java.lang.String cn.cj.controller.back.BackController.index()
[INFO] [2019-02-20 11:18:54][org.springframework.web.servlet.mvc.method.annotation.RequestMappingHandlerMapping]Mapped "{[/back/pasteArticleImg],methods=[],params=[],headers=[],consumes=[],produces=[],custom=[]}" onto public java.lang.String cn.cj.controller.back.BackController.pasteArticleImg(java.lang.String,javax.servlet.http.HttpServletRequest,org.springframework.web.multipart.MultipartFile)
[INFO] [2019-02-20 11:18:54][org.springframework.web.servlet.mvc.method.annotation.RequestMappingHandlerMapping]Mapped "{[/back/queryArticleList],methods=[],params=[],headers=[],consumes=[],produces=[],custom=[]}" onto public java.lang.Object cn.cj.controller.back.BackController.queryArticleList(java.lang.Integer,java.lang.Integer,java.lang.String,java.lang.String,java.lang.String)
[INFO] [2019-02-20 11:18:54][org.springframework.web.servlet.mvc.method.annotation.RequestMappingHandlerMapping]Mapped "{[/back/putawayArticle],methods=[],params=[],headers=[],consumes=[],produces=[],custom=[]}" onto public java.lang.String cn.cj.controller.back.BackController.putawayArticle(java.lang.Integer,java.lang.Integer)
[INFO] [2019-02-20 11:18:54][org.springframework.web.servlet.mvc.method.annotation.RequestMappingHandlerMapping]Mapped "{[/back/addArticle],methods=[],params=[],headers=[],consumes=[],produces=[],custom=[]}" onto public java.lang.String cn.cj.controller.back.BackController.addArticle(javax.servlet.http.HttpServletRequest)
[INFO] [2019-02-20 11:18:54][org.springframework.web.servlet.mvc.method.annotation.RequestMappingHandlerMapping]Mapped "{[/back/addArticle],methods=[POST],params=[],headers=[],consumes=[],produces=[],custom=[]}" onto public java.lang.String cn.cj.controller.back.BackController.addArticle(org.springframework.web.multipart.MultipartFile,javax.servlet.http.HttpServletRequest,java.lang.String,java.lang.String,java.lang.String[],java.lang.String)
[INFO] [2019-02-20 11:18:54][org.springframework.web.servlet.mvc.method.annotation.RequestMappingHandlerMapping]Mapped "{[/back/articleList],methods=[],params=[],headers=[],consumes=[],produces=[],custom=[]}" onto public java.lang.String cn.cj.controller.back.BackController.articleList()
[INFO] [2019-02-20 11:18:54][org.springframework.web.servlet.mvc.method.annotation.RequestMappingHandlerMapping]Mapped "{[/back/deleteArticle],methods=[],params=[],headers=[],consumes=[],produces=[],custom=[]}" onto public java.lang.String cn.cj.controller.back.BackController.deleteArticle(java.lang.Integer)
[INFO] [2019-02-20 11:18:54][org.springframework.web.servlet.mvc.method.annotation.RequestMappingHandlerMapping]Mapped "{[/solr/showSolr],methods=[],params=[],headers=[],consumes=[],produces=[],custom=[]}" onto public java.lang.String cn.cj.controller.solr.SolrController.showSolr(javax.servlet.http.HttpServletRequest)
[INFO] [2019-02-20 11:18:54][org.springframework.web.servlet.mvc.method.annotation.RequestMappingHandlerMapping]Mapped "{[/solr/deleteAllIndex],methods=[],params=[],headers=[],consumes=[],produces=[],custom=[]}" onto public java.lang.String cn.cj.controller.solr.SolrController.deleteAllIndex()
[INFO] [2019-02-20 11:18:54][org.springframework.web.servlet.mvc.method.annotation.RequestMappingHandlerMapping]Mapped "{[/solr/addUser],methods=[],params=[],headers=[],consumes=[],produces=[],custom=[]}" onto public java.lang.String cn.cj.controller.solr.SolrController.addUser()
[INFO] [2019-02-20 11:18:54][org.springframework.web.servlet.mvc.method.annotation.RequestMappingHandlerMapping]Mapped "{[/user/index],methods=[],params=[],headers=[],consumes=[],produces=[],custom=[]}" onto public java.lang.String cn.cj.controller.user.UserController.index()
[INFO] [2019-02-20 11:18:54][org.springframework.web.servlet.mvc.method.annotation.RequestMappingHandlerMapping]Mapped "{[/user/error],methods=[],params=[],headers=[],consumes=[],produces=[],custom=[]}" onto public java.lang.String cn.cj.controller.user.UserController.error()
[INFO] [2019-02-20 11:18:54][org.springframework.web.servlet.mvc.method.annotation.RequestMappingHandlerMapping]Mapped "{[/user/doRegister],methods=[POST],params=[],headers=[],consumes=[],produces=[],custom=[]}" onto public java.lang.Object cn.cj.controller.user.UserController.doRegister(javax.servlet.http.HttpServletRequest,javax.servlet.http.HttpServletResponse,java.lang.String,java.lang.String,java.lang.String,java.lang.String) throws java.io.IOException
[INFO] [2019-02-20 11:18:54][org.springframework.web.servlet.mvc.method.annotation.RequestMappingHandlerMapping]Mapped "{[/user/login],methods=[],params=[],headers=[],consumes=[],produces=[],custom=[]}" onto public java.lang.String cn.cj.controller.user.UserController.login()
[INFO] [2019-02-20 11:18:54][org.springframework.web.servlet.mvc.method.annotation.RequestMappingHandlerMapping]Mapped "{[/user/doLogin],methods=[],params=[],headers=[],consumes=[],produces=[],custom=[]}" onto public java.lang.Object cn.cj.controller.user.UserController.doLogin(cn.cj.entity.User,java.lang.String,javax.servlet.http.HttpServletRequest)
[INFO] [2019-02-20 11:18:54][org.springframework.web.servlet.mvc.method.annotation.RequestMappingHandlerMapping]Mapped "{[/user/createverifyCode],methods=[],params=[],headers=[],consumes=[],produces=[],custom=[]}" onto public void cn.cj.controller.user.UserController.verifyCode(javax.servlet.http.HttpServletRequest,javax.servlet.http.HttpServletResponse,javax.servlet.http.HttpSession) throws java.io.IOException
[INFO] [2019-02-20 11:18:54][org.springframework.web.servlet.DispatcherServlet]FrameworkServlet 'SpringMVC': initialization completed in 622 ms
[INFO] [2019-02-20 11:19:06][org.apache.shiro.realm.AuthorizingRealm]try login...
[INFO] [2019-02-20 11:19:08][org.apache.shiro.realm.AuthorizingRealm]进入自定Realm,权限验证方法
[INFO] [2019-02-20 11:19:51][org.springframework.web.servlet.DispatcherServlet]FrameworkServlet 'SpringMVC': initialization started
[INFO] [2019-02-20 11:19:51][org.springframework.web.context.support.XmlWebApplicationContext]Refreshing WebApplicationContext for namespace 'SpringMVC-servlet': startup date [Wed Feb 20 11:19:51 CST 2019]; parent: Root WebApplicationContext
[INFO] [2019-02-20 11:19:51][org.springframework.beans.factory.xml.XmlBeanDefinitionReader]Loading XML bean definitions from class path resource [spring/spring-mvc.xml]
[INFO] [2019-02-20 11:19:51][org.springframework.web.servlet.handler.SimpleUrlHandlerMapping]Mapped URL path [/statics/**] onto handler 'org.springframework.web.servlet.resource.ResourceHttpRequestHandler#0'
[INFO] [2019-02-20 11:19:52][org.springframework.web.servlet.mvc.method.annotation.RequestMappingHandlerMapping]Mapped "{[/article/loadCommentAndOthers],methods=[],params=[],headers=[],consumes=[],produces=[],custom=[]}" onto public java.lang.String cn.cj.controller.article.ArticleController.loadCommentAndOthers(java.lang.Long)
[INFO] [2019-02-20 11:19:52][org.springframework.web.servlet.mvc.method.annotation.RequestMappingHandlerMapping]Mapped "{[/article/articleInfo],methods=[],params=[],headers=[],consumes=[],produces=[],custom=[]}" onto public java.lang.String cn.cj.controller.article.ArticleController.articleInfos(java.lang.String,javax.servlet.http.HttpServletRequest)
[INFO] [2019-02-20 11:19:52][org.springframework.web.servlet.mvc.method.annotation.RequestMappingHandlerMapping]Mapped "{[/back/index],methods=[],params=[],headers=[],consumes=[],produces=[],custom=[]}" onto public java.lang.String cn.cj.controller.back.BackController.index()
[INFO] [2019-02-20 11:19:52][org.springframework.web.servlet.mvc.method.annotation.RequestMappingHandlerMapping]Mapped "{[/back/pasteArticleImg],methods=[],params=[],headers=[],consumes=[],produces=[],custom=[]}" onto public java.lang.String cn.cj.controller.back.BackController.pasteArticleImg(java.lang.String,javax.servlet.http.HttpServletRequest,org.springframework.web.multipart.MultipartFile)
[INFO] [2019-02-20 11:19:52][org.springframework.web.servlet.mvc.method.annotation.RequestMappingHandlerMapping]Mapped "{[/back/queryArticleList],methods=[],params=[],headers=[],consumes=[],produces=[],custom=[]}" onto public java.lang.Object cn.cj.controller.back.BackController.queryArticleList(java.lang.Integer,java.lang.Integer,java.lang.String,java.lang.String,java.lang.String)
[INFO] [2019-02-20 11:19:52][org.springframework.web.servlet.mvc.method.annotation.RequestMappingHandlerMapping]Mapped "{[/back/putawayArticle],methods=[],params=[],headers=[],consumes=[],produces=[],custom=[]}" onto public java.lang.String cn.cj.controller.back.BackController.putawayArticle(java.lang.Integer,java.lang.Integer)
[INFO] [2019-02-20 11:19:52][org.springframework.web.servlet.mvc.method.annotation.RequestMappingHandlerMapping]Mapped "{[/back/addArticle],methods=[],params=[],headers=[],consumes=[],produces=[],custom=[]}" onto public java.lang.String cn.cj.controller.back.BackController.addArticle(javax.servlet.http.HttpServletRequest)
[INFO] [2019-02-20 11:19:52][org.springframework.web.servlet.mvc.method.annotation.RequestMappingHandlerMapping]Mapped "{[/back/addArticle],methods=[POST],params=[],headers=[],consumes=[],produces=[],custom=[]}" onto public java.lang.String cn.cj.controller.back.BackController.addArticle(org.springframework.web.multipart.MultipartFile,javax.servlet.http.HttpServletRequest,java.lang.String,java.lang.String,java.lang.String[],java.lang.String)
[INFO] [2019-02-20 11:19:52][org.springframework.web.servlet.mvc.method.annotation.RequestMappingHandlerMapping]Mapped "{[/back/articleList],methods=[],params=[],headers=[],consumes=[],produces=[],custom=[]}" onto public java.lang.String cn.cj.controller.back.BackController.articleList()
[INFO] [2019-02-20 11:19:52][org.springframework.web.servlet.mvc.method.annotation.RequestMappingHandlerMapping]Mapped "{[/back/deleteArticle],methods=[],params=[],headers=[],consumes=[],produces=[],custom=[]}" onto public java.lang.String cn.cj.controller.back.BackController.deleteArticle(java.lang.Integer)
[INFO] [2019-02-20 11:19:52][org.springframework.web.servlet.mvc.method.annotation.RequestMappingHandlerMapping]Mapped "{[/solr/showSolr],methods=[],params=[],headers=[],consumes=[],produces=[],custom=[]}" onto public java.lang.String cn.cj.controller.solr.SolrController.showSolr(javax.servlet.http.HttpServletRequest)
[INFO] [2019-02-20 11:19:52][org.springframework.web.servlet.mvc.method.annotation.RequestMappingHandlerMapping]Mapped "{[/solr/deleteAllIndex],methods=[],params=[],headers=[],consumes=[],produces=[],custom=[]}" onto public java.lang.String cn.cj.controller.solr.SolrController.deleteAllIndex()
[INFO] [2019-02-20 11:19:52][org.springframework.web.servlet.mvc.method.annotation.RequestMappingHandlerMapping]Mapped "{[/solr/addUser],methods=[],params=[],headers=[],consumes=[],produces=[],custom=[]}" onto public java.lang.String cn.cj.controller.solr.SolrController.addUser()
[INFO] [2019-02-20 11:19:52][org.springframework.web.servlet.mvc.method.annotation.RequestMappingHandlerMapping]Mapped "{[/user/index],methods=[],params=[],headers=[],consumes=[],produces=[],custom=[]}" onto public java.lang.String cn.cj.controller.user.UserController.index()
[INFO] [2019-02-20 11:19:52][org.springframework.web.servlet.mvc.method.annotation.RequestMappingHandlerMapping]Mapped "{[/user/error],methods=[],params=[],headers=[],consumes=[],produces=[],custom=[]}" onto public java.lang.String cn.cj.controller.user.UserController.error()
[INFO] [2019-02-20 11:19:52][org.springframework.web.servlet.mvc.method.annotation.RequestMappingHandlerMapping]Mapped "{[/user/doLogin],methods=[],params=[],headers=[],consumes=[],produces=[],custom=[]}" onto public java.lang.Object cn.cj.controller.user.UserController.doLogin(cn.cj.entity.User,java.lang.String,javax.servlet.http.HttpServletRequest)
[INFO] [2019-02-20 11:19:52][org.springframework.web.servlet.mvc.method.annotation.RequestMappingHandlerMapping]Mapped "{[/user/login],methods=[],params=[],headers=[],consumes=[],produces=[],custom=[]}" onto public java.lang.String cn.cj.controller.user.UserController.login()
[INFO] [2019-02-20 11:19:52][org.springframework.web.servlet.mvc.method.annotation.RequestMappingHandlerMapping]Mapped "{[/user/doRegister],methods=[POST],params=[],headers=[],consumes=[],produces=[],custom=[]}" onto public java.lang.Object cn.cj.controller.user.UserController.doRegister(javax.servlet.http.HttpServletRequest,javax.servlet.http.HttpServletResponse,java.lang.String,java.lang.String,java.lang.String,java.lang.String) throws java.io.IOException
[INFO] [2019-02-20 11:19:52][org.springframework.web.servlet.mvc.method.annotation.RequestMappingHandlerMapping]Mapped "{[/user/createverifyCode],methods=[],params=[],headers=[],consumes=[],produces=[],custom=[]}" onto public void cn.cj.controller.user.UserController.verifyCode(javax.servlet.http.HttpServletRequest,javax.servlet.http.HttpServletResponse,javax.servlet.http.HttpSession) throws java.io.IOException
[INFO] [2019-02-20 11:19:52][org.springframework.web.servlet.DispatcherServlet]FrameworkServlet 'SpringMVC': initialization completed in 390 ms
[INFO] [2019-02-20 11:20:08][org.apache.shiro.realm.AuthorizingRealm]进入自定Realm,权限验证方法
